<?xml version="1.0" encoding="UTF-8"?>
<robot generator="Robot 3.1.2 (Python 3.4.7 on darwin)" rpa="false" generated="20190608 19:38:13.961">
<suite name="Snapshots" source="/Users/jeaubin/genie/CL-BRKPRG-1798/4-genie/snapshot/snapshots.robot" id="s1">
<test name="Initialize" id="s1-t1">
<kw name="use genie testbed &quot;${testbed}&quot;" library="genie.libs.robot.GenieRobot">
<doc>Create the genie testbed</doc>
<msg level="INFO" timestamp="20190608 19:38:17.243">+------------------------------------------------------------------------------+
|                            Genie datafiles used:                             |
+------------------------------------------------------------------------------+</msg>
<msg level="INFO" timestamp="20190608 19:38:17.243">Trigger datafile          | /Users/jeaubin/genie/genie_yamls/nxos/trigger_datafile_nxos.yaml</msg>
<msg level="INFO" timestamp="20190608 19:38:17.244">Verification  datafile    | /Users/jeaubin/genie/genie_yamls/nxos/verification_datafile_nxos.yaml</msg>
<msg level="INFO" timestamp="20190608 19:38:17.244">Pts datafile              | /Users/jeaubin/genie/genie_yamls/pts_datafile.yaml</msg>
<msg level="INFO" timestamp="20190608 19:38:17.244">Subsection datafile       | /Users/jeaubin/genie/genie_yamls/subsection_datafile.yaml</msg>
<msg level="INFO" timestamp="20190608 19:38:17.244">Config datafile           | None</msg>
<status endtime="20190608 19:38:19.746" status="PASS" starttime="20190608 19:38:17.180"></status>
</kw>
<kw name="connect to devices &quot;${devices}&quot;" library="ats.robot.pyATSRobot">
<doc>Connect to devices via connection as defined in testbed.yaml.
Specify devices with semi-colon separated list, e.g. "R1;R2"</doc>
<msg level="INFO" timestamp="20190608 19:38:19.747">Connecting to device 'Device nx-osv-1 (alias=uut), type router'</msg>
<msg level="INFO" timestamp="20190608 19:38:19.747">kwargs: {}</msg>
<msg level="INFO" timestamp="20190608 19:38:22.234">Connecting to device 'Device csr1000v-1 (alias=helper), type router'</msg>
<msg level="INFO" timestamp="20190608 19:38:22.234">kwargs: {}</msg>
<msg level="INFO" timestamp="20190608 19:38:24.649">[2019-06-08 19:38:19,748] +++ nx-osv-1 logfile /tmp/nx-osv-1-cli-20190608T193819747.log +++
[2019-06-08 19:38:19,748] +++ Unicon plugin nxos +++
Trying 172.25.192.90...

[2019-06-08 19:38:19,784] +++ connection to spawn: telnet 172.25.192.90 17016, id: 4543730800 +++
[2019-06-08 19:38:19,785] connection to nx-osv-1
Connected to asg-virl-ubuntu.cisco.com.
Escape character is '^]'.

nx-osv-1# 
[2019-06-08 19:38:20,631] +++ initializing handle +++
[2019-06-08 19:38:20,632] +++ nx-osv-1: executing command 'term length 0' +++
term length 0
nx-osv-1# 
[2019-06-08 19:38:20,817] +++ nx-osv-1: executing command 'term width 511' +++
term width 511
nx-osv-1# 
[2019-06-08 19:38:20,999] +++ nx-osv-1: executing command 'terminal session-timeout 0' +++
terminal session-timeout 0
nx-osv-1# 
[2019-06-08 19:38:21,181] +++ nx-osv-1: config +++
config term
Enter configuration commands, one per line.  End with CNTL/Z.
nx-osv-1(config)# no logging console
nx-osv-1(config)# line console
nx-osv-1(config-console)# exec-timeout 0
nx-osv-1(config-console)# terminal width 511
nx-osv-1(config-console)# end
nx-osv-1# 
[2019-06-08 19:38:22,236] +++ csr1000v-1 logfile /tmp/csr1000v-1-cli-20190608T193822235.log +++
[2019-06-08 19:38:22,236] +++ Unicon plugin iosxe +++
Trying 172.25.192.90...

[2019-06-08 19:38:22,270] +++ connection to spawn: telnet 172.25.192.90 17000, id: 4543758408 +++
[2019-06-08 19:38:22,270] connection to csr1000v-1
Connected to asg-virl-ubuntu.cisco.com.
Escape character is '^]'.

csr1000v-1#
[2019-06-08 19:38:23,120] +++ initializing handle +++
[2019-06-08 19:38:23,121] +++ csr1000v-1: executing command 'term length 0' +++
term length 0
csr1000v-1#
[2019-06-08 19:38:23,297] +++ csr1000v-1: executing command 'term width 0' +++
term width 0
csr1000v-1#
[2019-06-08 19:38:23,482] +++ csr1000v-1: executing command 'show version' +++
show version
Cisco IOS XE Software, Version 16.09.01
Cisco IOS Software [Fuji], Virtual XE Software (X86_64_LINUX_IOSD-UNIVERSALK9-M), Version 16.9.1, RELEASE SOFTWARE (fc2)
Technical Support: http://www.cisco.com/techsupport
Copyright (c) 1986-2018 by Cisco Systems, Inc.
Compiled Tue 17-Jul-18 16:57 by mcpre


Cisco IOS-XE software, Copyright (c) 2005-2018 by cisco Systems, Inc.
All rights reserved.  Certain components of Cisco IOS-XE software are
licensed under the GNU General Public License ("GPL") Version 2.0.  The
software code licensed under GPL Version 2.0 is free software that comes
with ABSOLUTELY NO WARRANTY.  You can redistribute and/or modify such
GPL code under the terms of GPL Version 2.0.  For more details, see the
documentation or "License Notice" file accompanying the IOS-XE software,
or the applicable URL provided on the flyer accompanying the IOS-XE
software.


ROM: IOS-XE ROMMON

csr1000v-1 uptime is 3 weeks, 3 days, 4 hours, 15 minutes
Uptime for this control processor is 3 weeks, 3 days, 4 hours, 16 minutes
System returned to ROM by reload
System image file is "bootflash:packages.conf"
Last reload reason: Reload Command



This product contains cryptographic features and is subject to United
States and local country laws governing import, export, transfer and
use. Delivery of Cisco cryptographic products does not imply
third-party authority to import, export, distribute or use encryption.
Importers, exporters, distributors and users are responsible for
compliance with U.S. and local country laws. By using this product you
agree to comply with applicable laws and regulations. If you are unable
to comply with U.S. and local laws, return this product immediately.

A summary of U.S. laws governing Cisco cryptographic products may be found at:
http://www.cisco.com/wwl/export/crypto/tool/stqrg.html

If you require further assistance please contact us by sending email to
export@cisco.com.

License Level: ax
License Type: Default. No valid license found.
Next reload license Level: ax

cisco CSR1000V (VXE) processor (revision VXE) with 1217428K/3075K bytes of memory.
Processor board ID 9PKLPWLJBUH
3 Gigabit Ethernet interfaces
32768K bytes of non-volatile configuration memory.
3018864K bytes of physical memory.
7774207K bytes of virtual hard disk at bootflash:.
0K bytes of WebUI ODM Files at webui:.

Configuration register is 0x2102

csr1000v-1#
[2019-06-08 19:38:23,765] +++ csr1000v-1: config +++
config term
Enter configuration commands, one per line.  End with CNTL/Z.
csr1000v-1(config)#no logging console
csr1000v-1(config)#line console 0
csr1000v-1(config-line)#exec-timeout 0
csr1000v-1(config-line)#end
csr1000v-1#</msg>
<status endtime="20190608 19:38:24.650" status="PASS" starttime="20190608 19:38:19.747"></status>
</kw>
<status endtime="20190608 19:38:24.650" status="PASS" critical="yes" starttime="20190608 19:38:17.179"></status>
</test>
<test name="Profile features" id="s1-t2">
<kw name="Profile the system for &quot;${features}&quot; on devices &quot;${devices}&quot; as &quot;${snapshot}&quot;" library="genie.libs.robot.GenieRobot">
<doc>Profile system as per the provided features on the devices</doc>
<msg level="INFO" timestamp="20190608 19:38:24.654">Start learning feature ospf</msg>
<msg level="INFO" timestamp="20190608 19:38:27.375">Could not learn &lt;class 'genie.libs.parser.nxos.show_ospf.ShowIpOspfVirtualLinks'&gt;
Parser Output is empty</msg>
<msg level="INFO" timestamp="20190608 19:38:27.992">Could not learn &lt;class 'genie.libs.parser.nxos.show_ospf.ShowIpOspfShamLinks'&gt;
Invalid command has been executed</msg>
<msg level="INFO" timestamp="20190608 19:38:27.994">+====================================================================================================================================================+</msg>
<msg level="INFO" timestamp="20190608 19:38:27.994">| Commands for learning feature 'Ospf'                                                                                                               |</msg>
<msg level="INFO" timestamp="20190608 19:38:27.994">+====================================================================================================================================================+</msg>
<msg level="INFO" timestamp="20190608 19:38:27.994">| - Parsed commands                                                                                                                                  |</msg>
<msg level="INFO" timestamp="20190608 19:38:27.994">|----------------------------------------------------------------------------------------------------------------------------------------------------|</msg>
<msg level="INFO" timestamp="20190608 19:38:27.995">|   cmd: &lt;class 'genie.libs.parser.nxos.show_feature.ShowFeature'&gt;                                                                                   |</msg>
<msg level="INFO" timestamp="20190608 19:38:27.995">|   cmd: &lt;class 'genie.libs.parser.nxos.show_ospf.ShowIpOspf'&gt;, arguments: {'vrf':'all'}                                                             |</msg>
<msg level="INFO" timestamp="20190608 19:38:27.995">|   cmd: &lt;class 'genie.libs.parser.nxos.show_ospf.ShowIpOspfMplsLdpInterface'&gt;, arguments: {'vrf':'all'}                                             |</msg>
<msg level="INFO" timestamp="20190608 19:38:27.995">|   cmd: &lt;class 'genie.libs.parser.nxos.show_ospf.ShowIpOspfDatabaseRouterDetail'&gt;, arguments: {'vrf':'all'}                                         |</msg>
<msg level="INFO" timestamp="20190608 19:38:27.995">|   cmd: &lt;class 'genie.libs.parser.nxos.show_ospf.ShowIpOspfDatabaseNetworkDetail'&gt;, arguments: {'vrf':'all'}                                        |</msg>
<msg level="INFO" timestamp="20190608 19:38:27.995">|   cmd: &lt;class 'genie.libs.parser.nxos.show_ospf.ShowIpOspfDatabaseSummaryDetail'&gt;, arguments: {'vrf':'all'}                                        |</msg>
<msg level="INFO" timestamp="20190608 19:38:27.995">|   cmd: &lt;class 'genie.libs.parser.nxos.show_ospf.ShowIpOspfDatabaseExternalDetail'&gt;, arguments: {'vrf':'all'}                                       |</msg>
<msg level="INFO" timestamp="20190608 19:38:27.995">|   cmd: &lt;class 'genie.libs.parser.nxos.show_ospf.ShowIpOspfDatabaseOpaqueAreaDetail'&gt;, arguments: {'vrf':'all'}                                     |</msg>
<msg level="INFO" timestamp="20190608 19:38:27.995">|   cmd: &lt;class 'genie.libs.parser.nxos.show_ospf.ShowIpOspfInterface'&gt;, arguments: {'vrf':'all'}                                                    |</msg>
<msg level="INFO" timestamp="20190608 19:38:27.996">|   cmd: &lt;class 'genie.libs.parser.nxos.show_ospf.ShowIpOspfNeighborDetail'&gt;, arguments: {'vrf':'all'}                                               |</msg>
<msg level="INFO" timestamp="20190608 19:38:27.996">|====================================================================================================================================================|</msg>
<msg level="INFO" timestamp="20190608 19:38:27.996">| - Commands not accepted on the device                                                                                                              |</msg>
<msg level="INFO" timestamp="20190608 19:38:27.996">|----------------------------------------------------------------------------------------------------------------------------------------------------|</msg>
<msg level="INFO" timestamp="20190608 19:38:27.996">|   cmd: &lt;class 'genie.libs.parser.nxos.show_ospf.ShowIpOspfShamLinks'&gt;, arguments: {'vrf':'all'}                                                    |</msg>
<msg level="INFO" timestamp="20190608 19:38:27.996">|====================================================================================================================================================|</msg>
<msg level="INFO" timestamp="20190608 19:38:27.996">| - Commands with empty output                                                                                                                       |</msg>
<msg level="INFO" timestamp="20190608 19:38:27.996">|----------------------------------------------------------------------------------------------------------------------------------------------------|</msg>
<msg level="INFO" timestamp="20190608 19:38:27.997">|   cmd: &lt;class 'genie.libs.parser.nxos.show_ospf.ShowIpOspfVirtualLinks'&gt;, arguments: {'vrf':'all'}                                                 |</msg>
<msg level="INFO" timestamp="20190608 19:38:27.997">|====================================================================================================================================================|</msg>
<msg level="INFO" timestamp="20190608 19:38:28.193">Start learning device configuration</msg>
<msg level="INFO" timestamp="20190608 19:38:29.102">Start learning feature ospf</msg>
<msg level="INFO" timestamp="20190608 19:38:31.759">Could not learn &lt;class 'genie.libs.parser.iosxe.show_ospf.ShowIpOspfVirtualLinks'&gt;
Parser Output is empty</msg>
<msg level="INFO" timestamp="20190608 19:38:33.958">Could not learn &lt;class 'genie.libs.parser.iosxe.show_ospf.ShowIpOspfShamLinks'&gt;
Parser Output is empty</msg>
<msg level="INFO" timestamp="20190608 19:38:33.959">+====================================================================================================================================================+</msg>
<msg level="INFO" timestamp="20190608 19:38:33.959">| Commands for learning feature 'Ospf'                                                                                                               |</msg>
<msg level="INFO" timestamp="20190608 19:38:33.960">+====================================================================================================================================================+</msg>
<msg level="INFO" timestamp="20190608 19:38:33.960">| - Parsed commands                                                                                                                                  |</msg>
<msg level="INFO" timestamp="20190608 19:38:33.960">|----------------------------------------------------------------------------------------------------------------------------------------------------|</msg>
<msg level="INFO" timestamp="20190608 19:38:33.960">|   cmd: &lt;class 'genie.libs.parser.iosxe.show_ospf.ShowIpOspf'&gt;                                                                                      |</msg>
<msg level="INFO" timestamp="20190608 19:38:33.960">|   cmd: &lt;class 'genie.libs.parser.iosxe.show_protocols.ShowIpProtocols'&gt;                                                                            |</msg>
<msg level="INFO" timestamp="20190608 19:38:33.960">|   cmd: &lt;class 'genie.libs.parser.iosxe.show_ospf.ShowIpOspfMplsLdpInterface'&gt;                                                                      |</msg>
<msg level="INFO" timestamp="20190608 19:38:33.960">|   cmd: &lt;class 'genie.libs.parser.iosxe.show_ospf.ShowIpOspfMplsTrafficEngLink'&gt;                                                                    |</msg>
<msg level="INFO" timestamp="20190608 19:38:33.960">|   cmd: &lt;class 'genie.libs.parser.iosxe.show_ospf.ShowIpOspfDatabaseRouter'&gt;                                                                        |</msg>
<msg level="INFO" timestamp="20190608 19:38:33.961">|   cmd: &lt;class 'genie.libs.parser.iosxe.show_ospf.ShowIpOspfDatabaseNetwork'&gt;                                                                       |</msg>
<msg level="INFO" timestamp="20190608 19:38:33.961">|   cmd: &lt;class 'genie.libs.parser.iosxe.show_ospf.ShowIpOspfDatabaseExternal'&gt;                                                                      |</msg>
<msg level="INFO" timestamp="20190608 19:38:33.961">|   cmd: &lt;class 'genie.libs.parser.iosxe.show_ospf.ShowIpOspfDatabaseSummary'&gt;                                                                       |</msg>
<msg level="INFO" timestamp="20190608 19:38:33.961">|   cmd: &lt;class 'genie.libs.parser.iosxe.show_ospf.ShowIpOspfDatabaseOpaqueArea'&gt;                                                                    |</msg>
<msg level="INFO" timestamp="20190608 19:38:33.961">|   cmd: &lt;class 'genie.libs.parser.iosxe.show_ospf.ShowIpOspfInterface'&gt;                                                                             |</msg>
<msg level="INFO" timestamp="20190608 19:38:33.961">|   cmd: &lt;class 'genie.libs.parser.iosxe.show_ospf.ShowIpOspfNeighborDetail'&gt;                                                                        |</msg>
<msg level="INFO" timestamp="20190608 19:38:33.961">|====================================================================================================================================================|</msg>
<msg level="INFO" timestamp="20190608 19:38:33.961">| - Commands with empty output                                                                                                                       |</msg>
<msg level="INFO" timestamp="20190608 19:38:33.961">|----------------------------------------------------------------------------------------------------------------------------------------------------|</msg>
<msg level="INFO" timestamp="20190608 19:38:33.962">|   cmd: &lt;class 'genie.libs.parser.iosxe.show_ospf.ShowIpOspfVirtualLinks'&gt;                                                                          |</msg>
<msg level="INFO" timestamp="20190608 19:38:33.962">|   cmd: &lt;class 'genie.libs.parser.iosxe.show_ospf.ShowIpOspfShamLinks'&gt;                                                                             |</msg>
<msg level="INFO" timestamp="20190608 19:38:33.962">|====================================================================================================================================================|</msg>
<msg level="INFO" timestamp="20190608 19:38:34.172">Start learning device configuration</msg>
<msg level="INFO" timestamp="20190608 19:38:34.851">Saved system profile as file: /Users/jeaubin/genie/CL-BRKPRG-1798/4-genie/snapshot/./06_08_19/snapshot_nx-osv-1_config_pts.json</msg>
<msg level="INFO" timestamp="20190608 19:38:34.852">[2019-06-08 19:38:25,286] +++ nx-osv-1: executing command 'show feature' +++
show feature
Feature Name         Instance State 
-------------------- -------- -----
bfd                  1        disabled
bfd_app              1        disabled
bgp                  1        enabled
bulkstat             1        disabled
cable-management     1        disabled
cts                  1        disabled
dhcp                 1        disabled
dot1x                1        disabled
eigrp                1        disabled
eigrp                2        disabled
eigrp                3        disabled
eigrp                4        disabled
eigrp                5        disabled
eigrp                6        disabled
eigrp                7        disabled
eigrp                8        disabled
eigrp                9        disabled
eigrp                10       disabled
eigrp                11       disabled
eigrp                12       disabled
eigrp                13       disabled
eigrp                14       disabled
eigrp                15       disabled
eigrp                16       disabled
elo                  1        disabled
eth_port_sec         1        disabled
evb                  1        disabled
evc                  1        disabled
evmed                1        disabled
fabric-access        1        disabled
fabric_mcast         1        disabled
glbp                 1        disabled
hmm                  1        disabled
hsrp_engine          1        disabled
imp                  1        disabled
interface-vlan       1        disabled
isis                 1        disabled
isis                 2        disabled
isis                 3        disabled
isis                 4        disabled
isis                 5        disabled
isis                 6        disabled
isis                 7        disabled
isis                 8        disabled
isis                 9        disabled
isis                 10       disabled
isis                 11       disabled
isis                 12       disabled
isis                 13       disabled
isis                 14       disabled
isis                 15       disabled
isis                 16       disabled
itd                  1        disabled
l2vpn                1        disabled
l3vpn                1        disabled
ldap                 1        disabled
ldp                  1        disabled
lisp                 1        disabled
lldp                 1        disabled
mpls_te              1        disabled
msdp                 1        disabled
msrp                 1        disabled
mvpn                 1        disabled
mvrp                 1        disabled
netflow              1        disabled
ngoam                1        disabled
nve                  1        disabled
nxapi                1        disabled
onep                 1        disabled
ospf                 1        enabled
ospf                 2        enabled (not-running)
ospf                 3        enabled (not-running)
ospf                 4        enabled (not-running)
ospf                 5        enabled (not-running)
ospf                 6        enabled (not-running)
ospf                 7        enabled (not-running)
ospf                 8        enabled (not-running)
ospf                 9        enabled (not-running)
ospf                 10       enabled (not-running)
ospf                 11       enabled (not-running)
ospf                 12       enabled (not-running)
ospf                 13       enabled (not-running)
ospf                 14       enabled (not-running)
ospf                 15       enabled (not-running)
ospf                 16       enabled (not-running)
ospfv3               1        disabled
ospfv3               2        disabled
ospfv3               3        disabled
ospfv3               4        disabled
ospfv3               5        disabled
ospfv3               6        disabled
ospfv3               7        disabled
ospfv3               8        disabled
ospfv3               9        disabled
ospfv3               10       disabled
ospfv3               11       disabled
ospfv3               12       disabled
ospfv3               13       disabled
ospfv3               14       disabled
ospfv3               15       disabled
ospfv3               16       disabled
otv                  1        disabled
pbr                  1        disabled
pim                  1        disabled
pim6                 1        disabled
pong                 1        disabled
private-vlan         1        disabled
privilege            1        disabled
ptp                  1        disabled
rip                  1        disabled
rip                  2        disabled
rip                  3        disabled
rip                  4        disabled
rise                 1        disabled
scheduler            1        disabled
scpServer            1        disabled
sftpServer           1        disabled
sla_responder        1        disabled
sla_sender           1        disabled
smart-channel        1        disabled
sshServer            1        enabled
tacacs               1        disabled
telnetServer         1        disabled
tunnel               1        disabled
vmtracker            1        disabled
vni                  1        disabled
vnseg_vlan           1        disabled
vpc                  1        disabled
vrrp                 1        disabled
vrrpv3               1        disabled
vtp                  1        disabled
wccp                 1        disabled
nx-osv-1# 
[2019-06-08 19:38:25,790] +++ nx-osv-1: executing command 'show ip ospf vrf all' +++
show ip ospf vrf all

 Routing Process 1 with ID 10.2.2.2 VRF default
 Routing Process Instance Number 1
 Stateful High Availability enabled
 Graceful-restart is configured
   Grace period: 60 state: Inactive 
   Last graceful restart exit status: None
 Supports only single TOS(TOS0) routes
 Supports opaque LSA
 Administrative distance 110
 Reference Bandwidth is 40000 Mbps
 SPF throttling delay time of 200.000 msecs,
   SPF throttling hold time of 1000.000 msecs, 
   SPF throttling maximum wait time of 5000.000 msecs
 LSA throttling start time of 0.000 msecs,
   LSA throttling hold interval of 5000.000 msecs, 
   LSA throttling maximum wait time of 5000.000 msecs
 Minimum LSA arrival 1000.000 msec
 LSA group pacing timer 10 secs
 Maximum paths to destination 8
 Number of external LSAs 0, checksum sum 0
 Number of opaque AS LSAs 0, checksum sum 0
 Number of areas is 1, 1 normal, 0 stub, 0 nssa
 Number of active areas is 1, 1 normal, 0 stub, 0 nssa
 Install discard route for summarized external routes.
 Install discard route for summarized internal routes.
   Area BACKBONE(0.0.0.0) 
        Area has existed for 3w3d
        Interfaces in this area: 3 Active interfaces: 3
        Passive interfaces: 0  Loopback interfaces: 1
        No authentication available
        SPF calculation has run 365 times
         Last SPF ran for 0.000155s
        Area ranges are
        Number of LSAs: 4, checksum sum 0x1997f
nx-osv-1# 
[2019-06-08 19:38:26,040] +++ nx-osv-1: executing command 'show ip ospf mpls ldp interface vrf all' +++
show ip ospf mpls ldp interface vrf all
loopback0 - Process ID 1 VRF default, area 0.0.0.0
    LDP Autoconfig not enabled
    LDP Sync not enabled, not required
    State LOOPBACK, Network type LOOPBACK
Ethernet2/1 - Process ID 1 VRF default, area 0.0.0.0
    LDP Autoconfig not enabled
    LDP Sync not enabled, not required
    State BDR, Network type BROADCAST
Ethernet2/2 - Process ID 1 VRF default, area 0.0.0.0
    LDP Autoconfig not enabled
    LDP Sync not enabled, not required
    State BDR, Network type BROADCAST
nx-osv-1# 
[2019-06-08 19:38:26,219] +++ nx-osv-1: executing command 'show ip ospf database router detail vrf all' +++
show ip ospf database router detail vrf all
        OSPF Router with ID (10.2.2.2) (Process ID 1 VRF default)

                Router Link States (Area 0.0.0.0)

   LS age: 1381
   Options: 0x22 (No TOS-capability, DC)
   LS Type: Router Links
   Link State ID: 10.1.1.1 
   Advertising Router: 10.1.1.1
   LS Seq Number: 0x800004c5
   Checksum: 0x2cc3
   Length: 60
    Number of links: 3

     Link connected to: a Stub Network
      (Link ID) Network/Subnet Number: 10.1.1.1
      (Link Data) Network Mask: 255.255.255.255
       Number of TOS metrics: 0
         TOS   0 Metric: 1

     Link connected to: a Transit Network
      (Link ID) Designated Router address: 10.0.1.1
      (Link Data) Router Interface address: 10.0.1.1
       Number of TOS metrics: 0
         TOS   0 Metric: 1

     Link connected to: a Transit Network
      (Link ID) Designated Router address: 10.0.2.1
      (Link Data) Router Interface address: 10.0.2.1
       Number of TOS metrics: 0
         TOS   0 Metric: 1

   LS age: 1707
   Options: 0x2 (No TOS-capability, No DC)
   LS Type: Router Links
   Link State ID: 10.2.2.2 
   Advertising Router: 10.2.2.2
   LS Seq Number: 0x80000599
   Checksum: 0x8b56
   Length: 60
    Number of links: 3

     Link connected to: a Stub Network
      (Link ID) Network/Subnet Number: 10.2.2.2
      (Link Data) Network Mask: 255.255.255.255
       Number of TOS metrics: 0
         TOS   0 Metric: 1

     Link connected to: a Transit Network
      (Link ID) Designated Router address: 10.0.1.1
      (Link Data) Router Interface address: 10.0.1.2
       Number of TOS metrics: 0
         TOS   0 Metric: 40

     Link connected to: a Transit Network
      (Link ID) Designated Router address: 10.0.2.1
      (Link Data) Router Interface address: 10.0.2.2
       Number of TOS metrics: 0
         TOS   0 Metric: 40


nx-osv-1# 
[2019-06-08 19:38:26,475] +++ nx-osv-1: executing command 'show ip ospf database network detail vrf all' +++
show ip ospf database network detail vrf all
        OSPF Router with ID (10.2.2.2) (Process ID 1 VRF default)

                Network Link States (Area 0.0.0.0)

   LS age: 1381
   Options: 0x22 (No TOS-capability, DC)
   LS Type: Network Links
   Link State ID: 10.0.1.1 (Designated Router address)
   Advertising Router: 10.1.1.1
   LS Seq Number: 0x800003e8
   Checksum: 0xdd3b
   Length: 32
   Network Mask: /24
         Attached Router: 10.1.1.1
         Attached Router: 10.2.2.2

   LS age: 1381
   Options: 0x22 (No TOS-capability, DC)
   LS Type: Network Links
   Link State ID: 10.0.2.1 (Designated Router address)
   Advertising Router: 10.1.1.1
   LS Seq Number: 0x800000d4
   Checksum: 0x042b
   Length: 32
   Network Mask: /24
         Attached Router: 10.1.1.1
         Attached Router: 10.2.2.2


nx-osv-1# 
[2019-06-08 19:38:26,658] +++ nx-osv-1: executing command 'show ip ospf database summary detail vrf all' +++
show ip ospf database summary detail vrf all
        OSPF Router with ID (10.2.2.2) (Process ID 1 VRF default)

nx-osv-1# 
[2019-06-08 19:38:26,835] +++ nx-osv-1: executing command 'show ip ospf database external detail vrf all' +++
show ip ospf database external detail vrf all
        OSPF Router with ID (10.2.2.2) (Process ID 1 VRF default)

nx-osv-1# 
[2019-06-08 19:38:27,022] +++ nx-osv-1: executing command 'show ip ospf database opaque-area detail vrf all' +++
show ip ospf database opaque-area detail vrf all
        OSPF Router with ID (10.2.2.2) (Process ID 1 VRF default)

nx-osv-1# 
[2019-06-08 19:38:27,198] +++ nx-osv-1: executing command 'show ip ospf virtual-links vrf all' +++
show ip ospf virtual-links vrf all
nx-osv-1# 
[2019-06-08 19:38:27,376] +++ nx-osv-1: executing command 'show ip ospf interface vrf all' +++
show ip ospf interface vrf all
 Ethernet2/1 is up, line protocol is up
    IP address 10.0.1.2/24
    Process ID 1 VRF default, area 0.0.0.0
    Enabled by interface configuration
    State BDR, Network type BROADCAST, cost 40
    Index 2, Transmit delay 1 sec, Router Priority 1
    Designated Router ID: 10.1.1.1, address: 10.0.1.1
    Backup Designated Router ID: 10.2.2.2, address: 10.0.1.2
    1 Neighbors, flooding to 1, adjacent with 1
    Timer intervals: Hello 10, Dead 40, Wait 40, Retransmit 5
      Hello timer due in 00:00:07
    No authentication
    Number of opaque link LSAs: 0, checksum sum 0
 Ethernet2/2 is up, line protocol is up
    IP address 10.0.2.2/24
    Process ID 1 VRF default, area 0.0.0.0
    Enabled by interface configuration
    State BDR, Network type BROADCAST, cost 40
    Index 3, Transmit delay 1 sec, Router Priority 1
    Designated Router ID: 10.1.1.1, address: 10.0.2.1
    Backup Designated Router ID: 10.2.2.2, address: 10.0.2.2
    1 Neighbors, flooding to 1, adjacent with 1
    Timer intervals: Hello 10, Dead 40, Wait 40, Retransmit 5
      Hello timer due in 00:00:00
    No authentication
    Number of opaque link LSAs: 0, checksum sum 0
 loopback0 is up, line protocol is up
    IP address 10.2.2.2/32
    Process ID 1 VRF default, area 0.0.0.0
    Enabled by interface configuration
    State LOOPBACK, Network type LOOPBACK, cost 1
    Index 1

nx-osv-1# 
[2019-06-08 19:38:27,621] +++ nx-osv-1: executing command 'show ip ospf neighbors detail vrf all' +++
show ip ospf neighbors detail vrf all
 Neighbor 10.1.1.1, interface address 10.0.1.1
    Process ID 1 VRF default, in area 0.0.0.0 via interface Ethernet2/1
    State is FULL, 5 state changes, last change 3w2d
    Neighbor priority is 1
    DR is 10.0.1.1 BDR is 10.0.1.2
    Hello options 0x12, dbd options 0x52
    Last non-hello packet received never
      Dead timer due in 00:00:39
 Neighbor 10.1.1.1, interface address 10.0.2.1
    Process ID 1 VRF default, in area 0.0.0.0 via interface Ethernet2/2
    State is FULL, 5 state changes, last change 4d22h
    Neighbor priority is 1
    DR is 10.0.2.1 BDR is 10.0.2.2
    Hello options 0x12, dbd options 0x52
    Last non-hello packet received never
      Dead timer due in 00:00:33

nx-osv-1# 
[2019-06-08 19:38:27,819] +++ nx-osv-1: executing command 'show ip ospf sham-links vrf all' +++
show ip ospf sham-links vrf all
                        ^
% Invalid command at '^' marker.
nx-osv-1# 
[2019-06-08 19:38:28,193] +++ nx-osv-1: executing command 'show running-config' +++
show running-config

!Command: show running-config
!Time: Sat Jun  8 23:39:58 2019

version 7.3(0)D1(1)
power redundancy-mode redundant
license grace-period

hostname nx-osv-1
vdc nx-osv-1 id 1
  limit-resource module-type m1 m1xl m2xl f2e 
  allocate interface Ethernet2/1-48
  allocate interface Ethernet3/1-48
  allocate interface Ethernet4/1-48
  limit-resource vlan minimum 16 maximum 4094
  limit-resource vrf minimum 2 maximum 4096
  limit-resource port-channel minimum 0 maximum 768
  limit-resource u4route-mem minimum 96 maximum 96
  limit-resource u6route-mem minimum 24 maximum 24
  limit-resource m4route-mem minimum 58 maximum 58
  limit-resource m6route-mem minimum 8 maximum 8

feature ospf
feature bgp

username admin password 5 $5$Otc7T0NC$K.ulnSZnSyXLrTGNBdtLgZJXEa8EeNx.BrdZ98XyK2C  role network-admin
no password strength-check
ip domain-lookup
vlan dot1Q tag native
system default switchport
system jumbomtu 0
no logging event trunk-status enable
copp profile strict
snmp-server user admin auth md5 0x328945d53e05e8e7207f8c20b142f0b7 priv 0x328945d53e05e8e7207f8c20b142f0b7 localizedkey engineID 128:0:0:9:3:0:0:0:0:0:0
rmon event 1 log description FATAL(1) owner PMON@FATAL
rmon event 2 log description CRITICAL(2) owner PMON@CRITICAL
rmon event 3 log description ERROR(3) owner PMON@ERROR
rmon event 4 log description WARNING(4) owner PMON@WARNING
rmon event 5 log description INFORMATION(5) owner PMON@INFO
snmp-server enable traps link
snmp-server enable traps link cisco-xcvr-mon-status-chg

vlan 1

vrf context management

interface mgmt0
  vrf member management

interface Ethernet2/1
  description changed
  no switchport
  mac-address 0000.0000.002f
  ip address 10.0.1.2/24
  ip router ospf 1 area 0.0.0.0
  no shutdown

interface Ethernet2/2
  description test
  no switchport
  mac-address 0000.0000.002f
  ip address 10.0.2.2/24
  ip router ospf 1 area 0.0.0.0
  no shutdown

interface Ethernet2/3
  shutdown
  no switchport
  mac-address 0000.0000.002f

interface Ethernet2/4
  shutdown
  no switchport
  mac-address 0000.0000.002f

interface Ethernet2/5
  shutdown
  no switchport
  mac-address 0000.0000.002f

interface Ethernet2/6
  shutdown
  no switchport
  mac-address 0000.0000.002f

interface Ethernet2/7
  no switchport
  mac-address 0000.0000.002f
  ip address 1.1.1.1/24
  no shutdown

interface Ethernet2/8
  shutdown
  no switchport
  mac-address 0000.0000.002f

interface Ethernet2/9
  shutdown
  no switchport
  mac-address 0000.0000.002f

interface Ethernet2/10
  shutdown
  no switchport
  mac-address 0000.0000.002f

interface Ethernet2/11
  shutdown
  no switchport
  mac-address 0000.0000.002f

interface Ethernet2/12
  shutdown
  no switchport
  mac-address 0000.0000.002f

interface Ethernet2/13
  shutdown
  no switchport
  mac-address 0000.0000.002f

interface Ethernet2/14
  shutdown
  no switchport
  mac-address 0000.0000.002f

interface Ethernet2/15
  shutdown
  no switchport
  mac-address 0000.0000.002f

interface Ethernet2/16
  shutdown
  no switchport
  mac-address 0000.0000.002f

interface Ethernet2/17
  shutdown
  no switchport
  mac-address 0000.0000.002f

interface Ethernet2/18
  shutdown
  no switchport
  mac-address 0000.0000.002f

interface Ethernet2/19
  shutdown
  no switchport
  mac-address 0000.0000.002f

interface Ethernet2/20
  shutdown
  no switchport
  mac-address 0000.0000.002f

interface Ethernet2/21
  shutdown
  no switchport
  mac-address 0000.0000.002f

interface Ethernet2/22
  shutdown
  no switchport
  mac-address 0000.0000.002f

interface Ethernet2/23
  shutdown
  no switchport
  mac-address 0000.0000.002f

interface Ethernet2/24
  shutdown
  no switchport
  mac-address 0000.0000.002f

interface Ethernet2/25
  shutdown
  no switchport
  mac-address 0000.0000.002f

interface Ethernet2/26
  shutdown
  no switchport
  mac-address 0000.0000.002f

interface Ethernet2/27
  shutdown
  no switchport
  mac-address 0000.0000.002f

interface Ethernet2/28
  shutdown
  no switchport
  mac-address 0000.0000.002f

interface Ethernet2/29
  shutdown
  no switchport
  mac-address 0000.0000.002f

interface Ethernet2/30
  shutdown
  no switchport
  mac-address 0000.0000.002f

interface Ethernet2/31
  shutdown
  no switchport
  mac-address 0000.0000.002f

interface Ethernet2/32
  shutdown
  no switchport
  mac-address 0000.0000.002f

interface Ethernet2/33
  shutdown
  no switchport
  mac-address 0000.0000.002f

interface Ethernet2/34
  shutdown
  no switchport
  mac-address 0000.0000.002f

interface Ethernet2/35
  shutdown
  no switchport
  mac-address 0000.0000.002f

interface Ethernet2/36
  shutdown
  no switchport
  mac-address 0000.0000.002f

interface Ethernet2/37
  shutdown
  no switchport
  mac-address 0000.0000.002f

interface Ethernet2/38
  shutdown
  no switchport
  mac-address 0000.0000.002f

interface Ethernet2/39
  shutdown
  no switchport
  mac-address 0000.0000.002f

interface Ethernet2/40
  shutdown
  no switchport
  mac-address 0000.0000.002f

interface Ethernet2/41
  shutdown
  no switchport
  mac-address 0000.0000.002f

interface Ethernet2/42
  shutdown
  no switchport
  mac-address 0000.0000.002f

interface Ethernet2/43
  shutdown
  no switchport
  mac-address 0000.0000.002f

interface Ethernet2/44
  shutdown
  no switchport
  mac-address 0000.0000.002f

interface Ethernet2/45
  shutdown
  no switchport
  mac-address 0000.0000.002f

interface Ethernet2/46
  shutdown
  no switchport
  mac-address 0000.0000.002f

interface Ethernet2/47
  shutdown
  no switchport
  mac-address 0000.0000.002f

interface Ethernet2/48
  shutdown
  no switchport
  mac-address 0000.0000.002f

interface Ethernet3/1
  shutdown
  no switchport
  medium p2p

interface Ethernet3/2
  shutdown
  no switchport
  medium p2p

interface Ethernet3/3
  shutdown
  no switchport
  medium p2p

interface Ethernet3/4
  shutdown
  no switchport
  medium p2p

interface Ethernet3/5
  shutdown
  no switchport
  medium p2p

interface Ethernet3/6
  shutdown
  no switchport
  medium p2p

interface Ethernet3/7
  shutdown
  no switchport
  medium p2p

interface Ethernet3/8
  shutdown
  no switchport
  medium p2p

interface Ethernet3/9
  shutdown
  no switchport
  medium p2p

interface Ethernet3/10
  shutdown
  no switchport
  medium p2p

interface Ethernet3/11
  shutdown
  no switchport
  medium p2p

interface Ethernet3/12
  shutdown
  no switchport
  medium p2p

interface Ethernet3/13
  shutdown
  no switchport
  medium p2p

interface Ethernet3/14
  shutdown
  no switchport
  medium p2p

interface Ethernet3/15
  shutdown
  no switchport
  medium p2p

interface Ethernet3/16
  shutdown
  no switchport
  medium p2p

interface Ethernet3/17
  shutdown
  no switchport
  medium p2p

interface Ethernet3/18
  shutdown
  no switchport
  medium p2p

interface Ethernet3/19
  shutdown
  no switchport
  medium p2p

interface Ethernet3/20
  shutdown
  no switchport
  medium p2p

interface Ethernet3/21
  shutdown
  no switchport
  medium p2p

interface Ethernet3/22
  shutdown
  no switchport
  medium p2p

interface Ethernet3/23
  shutdown
  no switchport
  medium p2p

interface Ethernet3/24
  shutdown
  no switchport
  medium p2p

interface Ethernet3/25
  shutdown
  no switchport
  medium p2p

interface Ethernet3/26
  shutdown
  no switchport
  medium p2p

interface Ethernet3/27
  shutdown
  no switchport
  medium p2p

interface Ethernet3/28
  shutdown
  no switchport
  medium p2p

interface Ethernet3/29
  shutdown
  no switchport
  medium p2p

interface Ethernet3/30
  shutdown
  no switchport
  medium p2p

interface Ethernet3/31
  shutdown
  no switchport
  medium p2p

interface Ethernet3/32
  shutdown
  no switchport
  medium p2p

interface Ethernet3/33
  shutdown
  no switchport
  medium p2p

interface Ethernet3/34
  shutdown
  no switchport
  medium p2p

interface Ethernet3/35
  shutdown
  no switchport
  medium p2p

interface Ethernet3/36
  shutdown
  no switchport
  medium p2p

interface Ethernet3/37
  shutdown
  no switchport
  medium p2p

interface Ethernet3/38
  shutdown
  no switchport
  medium p2p

interface Ethernet3/39
  shutdown
  no switchport
  medium p2p

interface Ethernet3/40
  shutdown
  no switchport
  medium p2p

interface Ethernet3/41
  shutdown
  no switchport
  medium p2p

interface Ethernet3/42
  shutdown
  no switchport
  medium p2p

interface Ethernet3/43
  shutdown
  no switchport
  medium p2p

interface Ethernet3/44
  shutdown
  no switchport
  medium p2p

interface Ethernet3/45
  shutdown
  no switchport
  medium p2p

interface Ethernet3/46
  shutdown
  no switchport
  medium p2p

interface Ethernet3/47
  shutdown
  no switchport
  medium p2p

interface Ethernet3/48
  shutdown
  no switchport
  medium p2p

interface Ethernet4/1
  switchport
  no shutdown

interface Ethernet4/2
  switchport
  no shutdown

interface Ethernet4/3
  switchport
  no shutdown

interface Ethernet4/4
  switchport
  no shutdown

interface Ethernet4/5
  switchport
  no shutdown

interface Ethernet4/6
  switchport
  no shutdown

interface Ethernet4/7
  switchport
  no shutdown

interface Ethernet4/8
  switchport
  no shutdown

interface Ethernet4/9
  switchport
  no shutdown

interface Ethernet4/10
  switchport
  no shutdown

interface Ethernet4/11
  switchport
  no shutdown

interface Ethernet4/12
  switchport
  no shutdown

interface Ethernet4/13
  switchport
  no shutdown

interface Ethernet4/14
  switchport
  no shutdown

interface Ethernet4/15
  switchport
  no shutdown

interface Ethernet4/16
  switchport
  no shutdown

interface Ethernet4/17
  switchport
  no shutdown

interface Ethernet4/18
  switchport
  no shutdown

interface Ethernet4/19
  switchport
  no shutdown

interface Ethernet4/20
  switchport
  no shutdown

interface Ethernet4/21
  switchport
  no shutdown

interface Ethernet4/22
  switchport
  no shutdown

interface Ethernet4/23
  switchport
  no shutdown

interface Ethernet4/24
  switchport
  no shutdown

interface Ethernet4/25
  switchport
  no shutdown

interface Ethernet4/26
  switchport
  no shutdown

interface Ethernet4/27
  switchport
  no shutdown

interface Ethernet4/28
  switchport
  no shutdown

interface Ethernet4/29
  switchport
  no shutdown

interface Ethernet4/30
  switchport
  no shutdown

interface Ethernet4/31
  switchport
  no shutdown

interface Ethernet4/32
  switchport
  no shutdown

interface Ethernet4/33
  switchport
  no shutdown

interface Ethernet4/34
  switchport
  no shutdown

interface Ethernet4/35
  switchport
  no shutdown

interface Ethernet4/36
  switchport
  no shutdown

interface Ethernet4/37
  switchport
  no shutdown

interface Ethernet4/38
  switchport
  no shutdown

interface Ethernet4/39
  switchport
  no shutdown

interface Ethernet4/40
  switchport
  no shutdown

interface Ethernet4/41
  switchport
  no shutdown

interface Ethernet4/42
  switchport
  no shutdown

interface Ethernet4/43
  switchport
  no shutdown

interface Ethernet4/44
  switchport
  no shutdown

interface Ethernet4/45
  switchport
  no shutdown

interface Ethernet4/46
  switchport
  no shutdown

interface Ethernet4/47
  switchport
  no shutdown

interface Ethernet4/48
  switchport
  no shutdown

interface loopback0
  ip address 10.2.2.2/32
  ip router ospf 1 area 0.0.0.0

interface loopback1
  ip address 10.22.22.22/32
line console
  exec-timeout 0
  terminal width  511
line vty
boot kickstart bootflash:/titanium-d1-kickstart.7.3.0.D1.1.bin
boot system bootflash:/titanium-d1.7.3.0.D1.1.bin 
router ospf 1
  router-id 10.2.2.2
router bgp 65000
  router-id 10.2.2.2
  address-family ipv4 unicast
    network 10.22.22.22/32
  neighbor 10.1.1.1
    remote-as 65000
    update-source loopback0
    address-family ipv4 unicast
no logging console


nx-osv-1# 
[2019-06-08 19:38:29,126] +++ csr1000v-1: executing command 'show ip ospf' +++
show ip ospf
 Routing Process "ospf 1" with ID 10.1.1.1
 Start time: 00:01:54.255, Time elapsed: 3w3d
 Supports only single TOS(TOS0) routes
 Supports opaque LSA
 Supports Link-local Signaling (LLS)
 Supports area transit capability
 Supports NSSA (compatible with RFC 3101)
 Supports Database Exchange Summary List Optimization (RFC 5243)
 Event-log enabled, Maximum number of events: 1000, Mode: cyclic
 Router is not originating router-LSAs with maximum metric
 Initial SPF schedule delay 50 msecs
 Minimum hold time between two consecutive SPFs 200 msecs
 Maximum wait time between two consecutive SPFs 5000 msecs
 Incremental-SPF disabled
 Initial LSA throttle delay 50 msecs
 Minimum hold time for LSA throttle 200 msecs
 Maximum wait time for LSA throttle 5000 msecs
 Minimum LSA arrival 100 msecs
 LSA group pacing timer 240 secs
 Interface flood pacing timer 33 msecs
 Retransmission pacing timer 66 msecs
 EXCHANGE/LOADING adjacency limit: initial 300, process maximum 300
 Number of external LSA 0. Checksum Sum 0x000000
 Number of opaque AS LSA 0. Checksum Sum 0x000000
 Number of DCbitless external and opaque AS LSA 0
 Number of DoNotAge external and opaque AS LSA 0
 Number of areas in this router is 1. 1 normal 0 stub 0 nssa
 Number of areas transit capable is 0
 External flood list length 0
 IETF NSF helper support enabled
 Cisco NSF helper support enabled
 Reference bandwidth unit is 100 mbps
    Area BACKBONE(0)
        Number of interfaces in this area is 3 (1 loopback)
	Area has no authentication
	SPF algorithm last executed 4d22h ago
	SPF algorithm executed 401 times
	Area ranges are
	Number of LSA 4. Checksum Sum 0x01997F
	Number of opaque link LSA 0. Checksum Sum 0x000000
	Number of DCbitless LSA 1
	Number of indication LSA 0
	Number of DoNotAge LSA 0
	Flood list length 0

csr1000v-1#
[2019-06-08 19:38:29,449] +++ csr1000v-1: executing command 'show ip protocols' +++
show ip protocols
*** IP Routing is NSF aware ***

Routing Protocol is "application"
  Sending updates every 0 seconds
  Invalid after 0 seconds, hold down 0, flushed after 0
  Outgoing update filter list for all interfaces is not set
  Incoming update filter list for all interfaces is not set
  Maximum path: 32
  Routing for Networks:
  Routing Information Sources:
    Gateway         Distance      Last Update
  Distance: (default is 4)

Routing Protocol is "ospf 1"
  Outgoing update filter list for all interfaces is not set
  Incoming update filter list for all interfaces is not set
  Router ID 10.1.1.1
  Number of areas in this router is 1. 1 normal 0 stub 0 nssa
  Maximum path: 4
  Routing for Networks:
  Routing on Interfaces Configured Explicitly (Area 0):
    Loopback0
    GigabitEthernet2
    GigabitEthernet3
  Routing Information Sources:
    Gateway         Distance      Last Update
    10.2.2.2             110      4d22h
  Distance: (default is 110)

Routing Protocol is "bgp 65000"
  Outgoing update filter list for all interfaces is not set
  Incoming update filter list for all interfaces is not set
  IGP synchronization is disabled
  Automatic route summarization is disabled
  Neighbor(s):
    Address          FiltIn FiltOut DistIn DistOut Weight RouteMap
    10.2.2.2                                             
  Maximum path: 1
  Routing Information Sources:
    Gateway         Distance      Last Update
    10.2.2.2             200      1d04h
  Distance: external 20 internal 200 local 200

csr1000v-1#
[2019-06-08 19:38:29,703] +++ csr1000v-1: executing command 'show running-config | section router ospf 1' +++
show running-config | section router ospf 1
router ospf 1
 router-id 10.1.1.1
csr1000v-1#
[2019-06-08 19:38:29,953] +++ csr1000v-1: executing command 'show ip ospf mpls ldp interface' +++
show ip ospf mpls ldp interface
Loopback0
  Process ID 1, Area 0
  LDP is not configured through LDP autoconfig
  LDP-IGP Synchronization : Not required
  Holddown timer is disabled
  Interface is up 
GigabitEthernet2
  Process ID 1, Area 0
  LDP is not configured through LDP autoconfig
  LDP-IGP Synchronization : Not required
  Holddown timer is disabled
  Interface is up 
GigabitEthernet3
  Process ID 1, Area 0
  LDP is not configured through LDP autoconfig
  LDP-IGP Synchronization : Not required
  Holddown timer is disabled
  Interface is up 
csr1000v-1#
[2019-06-08 19:38:30,143] +++ csr1000v-1: executing command 'show ip ospf mpls traffic-eng link' +++
show ip ospf mpls traffic-eng link

            OSPF Router with ID (10.1.1.1) (Process ID 1)

  Area 0 MPLS TE not initialized
csr1000v-1#
[2019-06-08 19:38:30,324] +++ csr1000v-1: executing command 'show running-config | section router ospf 1' +++
show running-config | section router ospf 1
router ospf 1
 router-id 10.1.1.1
csr1000v-1#
[2019-06-08 19:38:30,494] +++ csr1000v-1: executing command 'show ip ospf database router' +++
show ip ospf database router

            OSPF Router with ID (10.1.1.1) (Process ID 1)

		Router Link States (Area 0)

  LS age: 1384
  Options: (No TOS-capability, DC)
  LS Type: Router Links
  Link State ID: 10.1.1.1
  Advertising Router: 10.1.1.1
  LS Seq Number: 800004C5
  Checksum: 0x2CC3
  Length: 60
  Number of Links: 3

    Link connected to: a Stub Network
     (Link ID) Network/subnet number: 10.1.1.1
     (Link Data) Network Mask: 255.255.255.255
      Number of MTID metrics: 0
       TOS 0 Metrics: 1

    Link connected to: a Transit Network
     (Link ID) Designated Router address: 10.0.1.1
     (Link Data) Router Interface address: 10.0.1.1
      Number of MTID metrics: 0
       TOS 0 Metrics: 1

    Link connected to: a Transit Network
     (Link ID) Designated Router address: 10.0.2.1
     (Link Data) Router Interface address: 10.0.2.1
      Number of MTID metrics: 0
       TOS 0 Metrics: 1


  LS age: 1713
  Options: (No TOS-capability, No DC)
  LS Type: Router Links
  Link State ID: 10.2.2.2
  Advertising Router: 10.2.2.2
  LS Seq Number: 80000599
  Checksum: 0x8B56
  Length: 60
  Number of Links: 3

    Link connected to: a Stub Network
     (Link ID) Network/subnet number: 10.2.2.2
     (Link Data) Network Mask: 255.255.255.255
      Number of MTID metrics: 0
       TOS 0 Metrics: 1

    Link connected to: a Transit Network
     (Link ID) Designated Router address: 10.0.1.1
     (Link Data) Router Interface address: 10.0.1.2
      Number of MTID metrics: 0
       TOS 0 Metrics: 40

    Link connected to: a Transit Network
     (Link ID) Designated Router address: 10.0.2.1
     (Link Data) Router Interface address: 10.0.2.2
      Number of MTID metrics: 0
       TOS 0 Metrics: 40


csr1000v-1#
[2019-06-08 19:38:30,740] +++ csr1000v-1: executing command 'show ip ospf database network' +++
show ip ospf database network

            OSPF Router with ID (10.1.1.1) (Process ID 1)

		Net Link States (Area 0)

  LS age: 1385
  Options: (No TOS-capability, DC)
  LS Type: Network Links
  Link State ID: 10.0.1.1 (address of Designated Router)
  Advertising Router: 10.1.1.1
  LS Seq Number: 800003E8
  Checksum: 0xDD3B
  Length: 32
  Network Mask: /24
	Attached Router: 10.1.1.1
	Attached Router: 10.2.2.2

  LS age: 1385
  Options: (No TOS-capability, DC)
  LS Type: Network Links
  Link State ID: 10.0.2.1 (address of Designated Router)
  Advertising Router: 10.1.1.1
  LS Seq Number: 800000D4
  Checksum: 0x42B
  Length: 32
  Network Mask: /24
	Attached Router: 10.1.1.1
	Attached Router: 10.2.2.2

csr1000v-1#
[2019-06-08 19:38:30,907] +++ csr1000v-1: executing command 'show ip ospf database external' +++
show ip ospf database external

            OSPF Router with ID (10.1.1.1) (Process ID 1)
csr1000v-1#
[2019-06-08 19:38:31,146] +++ csr1000v-1: executing command 'show ip ospf database summary' +++
show ip ospf database summary

            OSPF Router with ID (10.1.1.1) (Process ID 1)
csr1000v-1#
[2019-06-08 19:38:31,392] +++ csr1000v-1: executing command 'show ip ospf database opaque-area' +++
show ip ospf database opaque-area

            OSPF Router with ID (10.1.1.1) (Process ID 1)
csr1000v-1#
[2019-06-08 19:38:31,581] +++ csr1000v-1: executing command 'show ip ospf virtual-links' +++
show ip ospf virtual-links
csr1000v-1#
[2019-06-08 19:38:31,759] +++ csr1000v-1: executing command 'show ip ospf interface' +++
show ip ospf interface
Loopback0 is up, line protocol is up 
  Internet Address 10.1.1.1/32, Interface ID 11, Area 0
  Attached via Interface Enable
  Process ID 1, Router ID 10.1.1.1, Network Type LOOPBACK, Cost: 1
  Topology-MTID    Cost    Disabled    Shutdown      Topology Name
        0           1         no          no            Base
  Enabled by interface config, including secondary ip addresses
  Loopback interface is treated as a stub Host
GigabitEthernet2 is up, line protocol is up 
  Internet Address 10.0.1.1/24, Interface ID 8, Area 0
  Attached via Interface Enable
  Process ID 1, Router ID 10.1.1.1, Network Type BROADCAST, Cost: 1
  Topology-MTID    Cost    Disabled    Shutdown      Topology Name
        0           1         no          no            Base
  Enabled by interface config, including secondary ip addresses
  Transmit Delay is 1 sec, State DR, Priority 1
  Designated Router (ID) 10.1.1.1, Interface address 10.0.1.1
  Backup Designated router (ID) 10.2.2.2, Interface address 10.0.1.2
  Timer intervals configured, Hello 10, Dead 40, Wait 40, Retransmit 5
    oob-resync timeout 40
    Hello due in 00:00:01
  Supports Link-local Signaling (LLS)
  Cisco NSF helper support enabled
  IETF NSF helper support enabled
  Can be protected by per-prefix Loop-Free FastReroute
  Can be used for per-prefix Loop-Free FastReroute repair paths
  Not Protected by per-prefix TI-LFA
  Index 1/3/3, flood queue length 0
  Next 0x0(0)/0x0(0)/0x0(0)
  Last flood scan length is 3, maximum is 3
  Last flood scan time is 0 msec, maximum is 1 msec
  Neighbor Count is 1, Adjacent neighbor count is 1 
    Adjacent with neighbor 10.2.2.2  (Backup Designated Router)
  Suppress hello for 0 neighbor(s)
GigabitEthernet3 is up, line protocol is up 
  Internet Address 10.0.2.1/24, Interface ID 9, Area 0
  Attached via Interface Enable
  Process ID 1, Router ID 10.1.1.1, Network Type BROADCAST, Cost: 1
  Topology-MTID    Cost    Disabled    Shutdown      Topology Name
        0           1         no          no            Base
  Enabled by interface config, including secondary ip addresses
  Transmit Delay is 1 sec, State DR, Priority 1
  Designated Router (ID) 10.1.1.1, Interface address 10.0.2.1
  Backup Designated router (ID) 10.2.2.2, Interface address 10.0.2.2
  Timer intervals configured, Hello 10, Dead 40, Wait 40, Retransmit 5
    oob-resync timeout 40
    Hello due in 00:00:09
  Supports Link-local Signaling (LLS)
  Cisco NSF helper support enabled
  IETF NSF helper support enabled
  Can be protected by per-prefix Loop-Free FastReroute
  Can be used for per-prefix Loop-Free FastReroute repair paths
  Not Protected by per-prefix TI-LFA
  Index 1/2/2, flood queue length 0
  Next 0x0(0)/0x0(0)/0x0(0)
  Last flood scan length is 3, maximum is 3
  Last flood scan time is 0 msec, maximum is 1 msec
  Neighbor Count is 1, Adjacent neighbor count is 1 
    Adjacent with neighbor 10.2.2.2  (Backup Designated Router)
  Suppress hello for 0 neighbor(s)
csr1000v-1#
[2019-06-08 19:38:32,038] +++ csr1000v-1: executing command 'show running-config | section router ospf 1' +++
show running-config | section router ospf 1
router ospf 1
 router-id 10.1.1.1
csr1000v-1#
[2019-06-08 19:38:32,224] +++ csr1000v-1: executing command 'show running-config | section router ospf 1' +++
show running-config | section router ospf 1
router ospf 1
 router-id 10.1.1.1
csr1000v-1#
[2019-06-08 19:38:32,396] +++ csr1000v-1: executing command 'show running-config | section router ospf 1' +++
show running-config | section router ospf 1
router ospf 1
 router-id 10.1.1.1
csr1000v-1#
[2019-06-08 19:38:32,592] +++ csr1000v-1: executing command 'show ip ospf neighbor detail' +++
show ip ospf neighbor detail
 Neighbor 10.2.2.2, interface address 10.0.1.2
    In the area 0 via interface GigabitEthernet2
    Neighbor priority is 1, State is FULL, 6 state changes
    DR is 10.0.1.1 BDR is 10.0.1.2
    Options is 0x2 in Hello (E-bit)
    Options is 0x42 in DBD (E-bit, O-bit)
    Dead timer due in 00:00:33
    Neighbor is up for 3w2d    
    Index 1/1/1, retransmission queue length 0, number of retransmission 0
    First 0x0(0)/0x0(0)/0x0(0) Next 0x0(0)/0x0(0)/0x0(0)
    Last retransmission scan length is 0, maximum is 0
    Last retransmission scan time is 0 msec, maximum is 0 msec
 Neighbor 10.2.2.2, interface address 10.0.2.2
    In the area 0 via interface GigabitEthernet3
    Neighbor priority is 1, State is FULL, 354 state changes
    DR is 10.0.2.1 BDR is 10.0.2.2
    Options is 0x2 in Hello (E-bit)
    Options is 0x42 in DBD (E-bit, O-bit)
    Dead timer due in 00:00:34
    Neighbor is up for 4d22h   
    Index 1/2/2, retransmission queue length 0, number of retransmission 0
    First 0x0(0)/0x0(0)/0x0(0) Next 0x0(0)/0x0(0)/0x0(0)
    Last retransmission scan length is 0, maximum is 0
    Last retransmission scan time is 0 msec, maximum is 0 msec
csr1000v-1#
[2019-06-08 19:38:32,816] +++ csr1000v-1: executing command 'show ip ospf interface | section GigabitEthernet2' +++
show ip ospf interface | section GigabitEthernet2
GigabitEthernet2 is up, line protocol is up 
  Internet Address 10.0.1.1/24, Interface ID 8, Area 0
  Attached via Interface Enable
  Process ID 1, Router ID 10.1.1.1, Network Type BROADCAST, Cost: 1
  Topology-MTID    Cost    Disabled    Shutdown      Topology Name
        0           1         no          no            Base
  Enabled by interface config, including secondary ip addresses
  Transmit Delay is 1 sec, State DR, Priority 1
  Designated Router (ID) 10.1.1.1, Interface address 10.0.1.1
  Backup Designated router (ID) 10.2.2.2, Interface address 10.0.1.2
  Timer intervals configured, Hello 10, Dead 40, Wait 40, Retransmit 5
    oob-resync timeout 40
    Hello due in 00:00:00
  Supports Link-local Signaling (LLS)
  Cisco NSF helper support enabled
  IETF NSF helper support enabled
  Can be protected by per-prefix Loop-Free FastReroute
  Can be used for per-prefix Loop-Free FastReroute repair paths
  Not Protected by per-prefix TI-LFA
  Index 1/3/3, flood queue length 0
  Next 0x0(0)/0x0(0)/0x0(0)
  Last flood scan length is 3, maximum is 3
  Last flood scan time is 0 msec, maximum is 1 msec
  Neighbor Count is 1, Adjacent neighbor count is 1 
    Adjacent with neighbor 10.2.2.2  (Backup Designated Router)
  Suppress hello for 0 neighbor(s)
csr1000v-1#
[2019-06-08 19:38:33,048] +++ csr1000v-1: executing command 'show running-config | section router ospf 1' +++
show running-config | section router ospf 1
router ospf 1
 router-id 10.1.1.1
csr1000v-1#
[2019-06-08 19:38:33,230] +++ csr1000v-1: executing command 'show ip ospf interface | section GigabitEthernet3' +++
show ip ospf interface | section GigabitEthernet3
GigabitEthernet3 is up, line protocol is up 
  Internet Address 10.0.2.1/24, Interface ID 9, Area 0
  Attached via Interface Enable
  Process ID 1, Router ID 10.1.1.1, Network Type BROADCAST, Cost: 1
  Topology-MTID    Cost    Disabled    Shutdown      Topology Name
        0           1         no          no            Base
  Enabled by interface config, including secondary ip addresses
  Transmit Delay is 1 sec, State DR, Priority 1
  Designated Router (ID) 10.1.1.1, Interface address 10.0.2.1
  Backup Designated router (ID) 10.2.2.2, Interface address 10.0.2.2
  Timer intervals configured, Hello 10, Dead 40, Wait 40, Retransmit 5
    oob-resync timeout 40
    Hello due in 00:00:07
  Supports Link-local Signaling (LLS)
  Cisco NSF helper support enabled
  IETF NSF helper support enabled
  Can be protected by per-prefix Loop-Free FastReroute
  Can be used for per-prefix Loop-Free FastReroute repair paths
  Not Protected by per-prefix TI-LFA
  Index 1/2/2, flood queue length 0
  Next 0x0(0)/0x0(0)/0x0(0)
  Last flood scan length is 3, maximum is 3
  Last flood scan time is 0 msec, maximum is 1 msec
  Neighbor Count is 1, Adjacent neighbor count is 1 
    Adjacent with neighbor 10.2.2.2  (Backup Designated Router)
  Suppress hello for 0 neighbor(s)
csr1000v-1#
[2019-06-08 19:38:33,463] +++ csr1000v-1: executing command 'show running-config | section router ospf 1' +++
show running-config | section router ospf 1
router ospf 1
 router-id 10.1.1.1
csr1000v-1#
[2019-06-08 19:38:33,777] +++ csr1000v-1: executing command 'show ip ospf sham-links' +++
show ip ospf sham-links
csr1000v-1#
[2019-06-08 19:38:34,173] +++ csr1000v-1: executing command 'show running-config' +++
show running-config
Building configuration...

Current configuration : 4223 bytes
!
! Last configuration change at 23:36:50 UTC Sat Jun 8 2019
!
version 16.9
service config
service timestamps debug datetime msec
service timestamps log datetime msec
platform qfp utilization monitor load 80
no platform punt-keepalive disable-kernel-core
platform console serial
!
hostname csr1000v-1
!
boot-start-marker
boot-end-marker
!
!
no logging console
enable secret 5 $1$z20V$K9DPe81/eyJ3gsyCODIDj1
!
no aaa new-model
!
!
!
!
!
!
!
ip admission watch-list expiry-time 0
!
!
!
!
!
!
!
!
!
!
subscriber templating
! 
! 
! 
! 
!
multilink bundle-name authenticated
!
!
!
!
!
crypto pki trustpoint TP-self-signed-1308374108
 enrollment selfsigned
 subject-name cn=IOS-Self-Signed-Certificate-1308374108
 revocation-check none
 rsakeypair TP-self-signed-1308374108
!
!
crypto pki certificate chain TP-self-signed-1308374108
 certificate self-signed 01
  30820330 30820218 A0030201 02020101 300D0609 2A864886 F70D0101 05050030 
  31312F30 2D060355 04031326 494F532D 53656C66 2D536967 6E65642D 43657274 
  69666963 6174652D 31333038 33373431 3038301E 170D3139 30353135 31393232 
  30325A17 0D333030 31303130 30303030 305A3031 312F302D 06035504 03132649 
  4F532D53 656C662D 5369676E 65642D43 65727469 66696361 74652D31 33303833 
  37343130 38308201 22300D06 092A8648 86F70D01 01010500 0382010F 00308201 
  0A028201 0100C480 24DD09B1 135EF374 E7CDA33E E3D30023 F79E389F FE31FDCD 
  E6B9BC62 7C30223B 1D16D06F 878CAADF 74D3A321 FD1F8AFE B1FE5E58 72FB45BE 
  2DF29703 36FAAD5F 51E1D423 F8A5F27A 77082ED1 5D85A569 6EAEEEBD 5A4FDCED 
  006F1E5C 70652A75 851BBC10 27338ADB 738E9EA3 961C7735 F142F0F2 70A28A8D 
  8CE058A8 B57996D4 4B9EE162 D78AD771 6B37D624 EDB49ED8 381973BC C20F3E1C 
  67085E20 1C467350 90BADB1B 94300C10 E522D148 B03E3F52 261EBD3F AC389BC5 
  73D08D1C D758F97A 1C856A8B 4D3EDEF0 85C27E39 EC8F1C91 26D6DC6C 0A8951B6 
  1ED6E82E A29DC0C4 533B11D2 7C35D90C 2DE350D1 86307B0C 71242F12 F4C51890 
  500C1BF0 0AFD0203 010001A3 53305130 0F060355 1D130101 FF040530 030101FF 
  301F0603 551D2304 18301680 14103E56 6B0D17D6 74EB64A7 E94397CE 7DDD1561 
  18301D06 03551D0E 04160414 103E566B 0D17D674 EB64A7E9 4397CE7D DD156118 
  300D0609 2A864886 F70D0101 05050003 82010100 203ADD25 ABAF396F 348A3680 
  9B4FD1FE 05DE785C 8D999FAE 9D0477B5 03D70878 860CC342 2BBB3378 33800BEE 
  01460FF9 973E3E32 16F5C030 06969847 8C47503E AAFAF90A 48745921 55D5873F 
  F90BA4D2 B222AB59 C7539637 36021CEC ACAEB927 66C836CC 2FC748E7 3FFBD40C 
  CE3BCD0F FEABAC13 18204BD3 4CCD9F2F 49C8A28D 97E7159F 8253B406 AC518F21 
  E198C3D3 28CA8409 E0CC2299 A9A4F5AA 402F7567 2059C199 9F06B086 4A1AD317 
  EA0301C0 439F77D2 9731528F 60D074DC 46E35398 157EF8A5 DCB57F84 FD2BC0B0 
  052AA610 07C218AB 9B6D3DA6 9C3D7C64 55E1728C CA859964 1E63F478 5094758D 
  6D1C182B 377B1C7B CD69B295 462FC993 AC5D7DDE
  	quit
!
!
!
!
!
!
!
!
license udi pid CSR1000V sn 9PKLPWLJBUH
no license smart enable
diagnostic bootup level minimal
!
spanning-tree extend system-id
!
!
!
username cisco privilege 15 secret 5 $1$X1Ro$v9gBz2yrIDe3v6TDIsGk9/
!
redundancy
!
!
!
!
!
!
! 
!
!
!
!
!
!
!
!
!
!
!
!
! 
! 
!
!
interface Loopback0
 ip address 10.1.1.1 255.255.255.255
 ip ospf 1 area 0
!
interface Loopback1
 ip address 10.11.11.11 255.255.255.255
!
interface GigabitEthernet1
 ip address dhcp
 negotiation auto
 no mop enabled
 no mop sysid
!
interface GigabitEthernet2
 ip address 10.0.1.1 255.255.255.0
 ip ospf 1 area 0
 negotiation auto
 no mop enabled
 no mop sysid
!
interface GigabitEthernet3
 ip address 10.0.2.1 255.255.255.0
 ip ospf 1 area 0
 negotiation auto
 no mop enabled
 no mop sysid
!
router ospf 1
 router-id 10.1.1.1
!
router bgp 65000
 bgp router-id 10.1.1.1
 bgp log-neighbor-changes
 no bgp default ipv4-unicast
 neighbor 10.2.2.2 remote-as 65000
 neighbor 10.2.2.2 update-source Loopback0
 !
 address-family ipv4
  network 10.11.11.11 mask 255.255.255.255
  neighbor 10.2.2.2 activate
 exit-address-family
!
!
virtual-service csr_mgmt
!
ip forward-protocol nd
no ip http server
ip http authentication local
no ip http secure-server
ip http client source-interface GigabitEthernet1
!
!
!
!
!
!
control-plane
!
!
!
!
!
!
line con 0
 exec-timeout 0 0
 stopbits 1
line vty 0
 login
line vty 1
 login
 length 0
line vty 2 4
 login
!
!
!
!
!
!
end

csr1000v-1#</msg>
<status endtime="20190608 19:38:34.853" status="PASS" starttime="20190608 19:38:24.653"></status>
</kw>
<status endtime="20190608 19:38:34.853" status="PASS" critical="yes" starttime="20190608 19:38:24.651"></status>
</test>
<status endtime="20190608 19:38:34.853" status="PASS" starttime="20190608 19:38:13.963"></status>
</suite>
<statistics>
<total>
<stat fail="0" pass="2">Critical Tests</stat>
<stat fail="0" pass="2">All Tests</stat>
</total>
<tag>
</tag>
<suite>
<stat fail="0" name="Snapshots" id="s1" pass="2">Snapshots</stat>
</suite>
</statistics>
<errors>
</errors>
</robot>
