<?xml version="1.0" encoding="UTF-8"?>
<robot generator="Robot 3.1.2 (Python 3.4.7 on darwin)" rpa="false" generated="20190608 20:09:06.064">
<suite id="s1" source="/Users/jeaubin/genie/CL-BRKPRG-1798/4-genie_library/counts/counts.robot" name="Counts">
<test id="s1-t1" name="Initialize">
<kw library="genie.libs.robot.GenieRobot" name="use genie testbed &quot;${testbed}&quot;">
<doc>Create the genie testbed</doc>
<msg timestamp="20190608 20:09:08.750" level="INFO">+------------------------------------------------------------------------------+
|                            Genie datafiles used:                             |
+------------------------------------------------------------------------------+</msg>
<msg timestamp="20190608 20:09:08.750" level="INFO">Trigger datafile          | /Users/jeaubin/genie/genie_yamls/nxos/trigger_datafile_nxos.yaml</msg>
<msg timestamp="20190608 20:09:08.751" level="INFO">Verification  datafile    | /Users/jeaubin/genie/genie_yamls/nxos/verification_datafile_nxos.yaml</msg>
<msg timestamp="20190608 20:09:08.751" level="INFO">Pts datafile              | /Users/jeaubin/genie/genie_yamls/pts_datafile.yaml</msg>
<msg timestamp="20190608 20:09:08.751" level="INFO">Subsection datafile       | /Users/jeaubin/genie/genie_yamls/subsection_datafile.yaml</msg>
<msg timestamp="20190608 20:09:08.751" level="INFO">Config datafile           | None</msg>
<status starttime="20190608 20:09:08.697" endtime="20190608 20:09:11.193" status="PASS"></status>
</kw>
<kw library="ats.robot.pyATSRobot" name="connect to device &quot;nx-osv-1&quot;">
<doc>Connect to device connection as defined in testbed.yaml</doc>
<msg timestamp="20190608 20:09:11.194" level="INFO">Connecting to device 'Device nx-osv-1 (alias=uut), type router'</msg>
<msg timestamp="20190608 20:09:11.194" level="INFO">kwargs: {}</msg>
<msg timestamp="20190608 20:09:13.715" level="INFO">[2019-06-08 20:09:11,195] +++ nx-osv-1 logfile /tmp/nx-osv-1-cli-20190608T200911194.log +++
[2019-06-08 20:09:11,195] +++ Unicon plugin nxos +++
Trying 172.25.192.90...

[2019-06-08 20:09:11,228] +++ connection to spawn: telnet 172.25.192.90 17016, id: 4396653760 +++
[2019-06-08 20:09:11,228] connection to nx-osv-1
Connected to asg-virl-ubuntu.cisco.com.
Escape character is '^]'.

nx-osv-1# 
[2019-06-08 20:09:12,089] +++ initializing handle +++
[2019-06-08 20:09:12,090] +++ nx-osv-1: executing command 'term length 0' +++
term length 0
nx-osv-1# 
[2019-06-08 20:09:12,277] +++ nx-osv-1: executing command 'term width 511' +++
term width 511
nx-osv-1# 
[2019-06-08 20:09:12,459] +++ nx-osv-1: executing command 'terminal session-timeout 0' +++
terminal session-timeout 0
nx-osv-1# 
[2019-06-08 20:09:12,644] +++ nx-osv-1: config +++
config term
Enter configuration commands, one per line.  End with CNTL/Z.
nx-osv-1(config)# no logging console
nx-osv-1(config)# line console
nx-osv-1(config-console)# exec-timeout 0
nx-osv-1(config-console)# terminal width 511
nx-osv-1(config-console)# end
nx-osv-1#</msg>
<status starttime="20190608 20:09:11.193" endtime="20190608 20:09:13.715" status="PASS"></status>
</kw>
<kw library="ats.robot.pyATSRobot" name="connect to device &quot;csr1000v-1&quot;">
<doc>Connect to device connection as defined in testbed.yaml</doc>
<msg timestamp="20190608 20:09:13.717" level="INFO">Connecting to device 'Device csr1000v-1 (alias=helper), type router'</msg>
<msg timestamp="20190608 20:09:13.717" level="INFO">kwargs: {}</msg>
<msg timestamp="20190608 20:09:16.163" level="INFO">[2019-06-08 20:09:13,719] +++ csr1000v-1 logfile /tmp/csr1000v-1-cli-20190608T200913718.log +++
[2019-06-08 20:09:13,719] +++ Unicon plugin iosxe +++
Trying 172.25.192.90...

[2019-06-08 20:09:13,758] +++ connection to spawn: telnet 172.25.192.90 17000, id: 4396683896 +++
[2019-06-08 20:09:13,759] connection to csr1000v-1
Connected to asg-virl-ubuntu.cisco.com.
Escape character is '^]'.

csr1000v-1#
[2019-06-08 20:09:14,589] +++ initializing handle +++
[2019-06-08 20:09:14,590] +++ csr1000v-1: executing command 'term length 0' +++
term length 0
csr1000v-1#
[2019-06-08 20:09:14,776] +++ csr1000v-1: executing command 'term width 0' +++
term width 0
csr1000v-1#
[2019-06-08 20:09:14,954] +++ csr1000v-1: executing command 'show version' +++
show version
Cisco IOS XE Software, Version 16.09.01
Cisco IOS Software [Fuji], Virtual XE Software (X86_64_LINUX_IOSD-UNIVERSALK9-M), Version 16.9.1, RELEASE SOFTWARE (fc2)
Technical Support: http://www.cisco.com/techsupport
Copyright (c) 1986-2018 by Cisco Systems, Inc.
Compiled Tue 17-Jul-18 16:57 by mcpre


Cisco IOS-XE software, Copyright (c) 2005-2018 by cisco Systems, Inc.
All rights reserved.  Certain components of Cisco IOS-XE software are
licensed under the GNU General Public License ("GPL") Version 2.0.  The
software code licensed under GPL Version 2.0 is free software that comes
with ABSOLUTELY NO WARRANTY.  You can redistribute and/or modify such
GPL code under the terms of GPL Version 2.0.  For more details, see the
documentation or "License Notice" file accompanying the IOS-XE software,
or the applicable URL provided on the flyer accompanying the IOS-XE
software.


ROM: IOS-XE ROMMON

csr1000v-1 uptime is 3 weeks, 3 days, 4 hours, 46 minutes
Uptime for this control processor is 3 weeks, 3 days, 4 hours, 47 minutes
System returned to ROM by reload
System image file is "bootflash:packages.conf"
Last reload reason: Reload Command



This product contains cryptographic features and is subject to United
States and local country laws governing import, export, transfer and
use. Delivery of Cisco cryptographic products does not imply
third-party authority to import, export, distribute or use encryption.
Importers, exporters, distributors and users are responsible for
compliance with U.S. and local country laws. By using this product you
agree to comply with applicable laws and regulations. If you are unable
to comply with U.S. and local laws, return this product immediately.

A summary of U.S. laws governing Cisco cryptographic products may be found at:
http://www.cisco.com/wwl/export/crypto/tool/stqrg.html

If you require further assistance please contact us by sending email to
export@cisco.com.

License Level: ax
License Type: Default. No valid license found.
Next reload license Level: ax

cisco CSR1000V (VXE) processor (revision VXE) with 1217428K/3075K bytes of memory.
Processor board ID 9PKLPWLJBUH
3 Gigabit Ethernet interfaces
32768K bytes of non-volatile configuration memory.
3018864K bytes of physical memory.
7774207K bytes of virtual hard disk at bootflash:.
0K bytes of WebUI ODM Files at webui:.

Configuration register is 0x2102

csr1000v-1#
[2019-06-08 20:09:15,258] +++ csr1000v-1: config +++
config term
Enter configuration commands, one per line.  End with CNTL/Z.
csr1000v-1(config)#no logging console
csr1000v-1(config)#line console 0
csr1000v-1(config-line)#exec-timeout 0
csr1000v-1(config-line)#end
csr1000v-1#</msg>
<status starttime="20190608 20:09:13.716" endtime="20190608 20:09:16.164" status="PASS"></status>
</kw>
<status starttime="20190608 20:09:08.696" endtime="20190608 20:09:16.164" status="PASS" critical="yes"></status>
</test>
<test id="s1-t2" name="Verify the counts of Bgp 'established' neighbors for nx-osv-1&amp;csr1000v-1">
<kw library="genie.libs.robot.GenieRobot" name="verify count &quot;1&quot; &quot;bgp neighbors&quot; on device &quot;nx-osv-1&quot;">
<doc>Verify that a specific number of &lt;...&gt; is &lt;...&gt; on a device.</doc>
<msg timestamp="20190608 20:09:17.499" level="INFO">Could not learn &lt;class 'genie.libs.parser.nxos.show_bgp.ShowBgpPeerSession'&gt;
Parser Output is empty</msg>
<msg timestamp="20190608 20:09:17.812" level="INFO">Could not learn &lt;class 'genie.libs.parser.nxos.show_bgp.ShowBgpPeerPolicy'&gt;
Parser Output is empty</msg>
<msg timestamp="20190608 20:09:17.988" level="INFO">Could not learn &lt;class 'genie.libs.parser.nxos.show_bgp.ShowBgpVrfAllAllDampeningParameters'&gt;
Parser Output is empty</msg>
<msg timestamp="20190608 20:09:19.031" level="INFO">Could not learn &lt;class 'genie.libs.parser.nxos.show_bgp.ShowBgpVrfAllNeighbors'&gt;
Parser Output is empty</msg>
<msg timestamp="20190608 20:09:20.248" level="INFO">Could not learn &lt;class 'genie.libs.parser.nxos.show_bgp.ShowBgpVrfAllNeighborsReceivedRoutes'&gt;
Parser Output is empty</msg>
<msg timestamp="20190608 20:09:20.253" level="INFO">+====================================================================================================================================================+</msg>
<msg timestamp="20190608 20:09:20.253" level="INFO">| Commands for learning feature 'Bgp'                                                                                                                |</msg>
<msg timestamp="20190608 20:09:20.253" level="INFO">+====================================================================================================================================================+</msg>
<msg timestamp="20190608 20:09:20.253" level="INFO">| - Parsed commands                                                                                                                                  |</msg>
<msg timestamp="20190608 20:09:20.253" level="INFO">|----------------------------------------------------------------------------------------------------------------------------------------------------|</msg>
<msg timestamp="20190608 20:09:20.253" level="INFO">|   cmd: &lt;class 'genie.libs.parser.nxos.show_bgp.ShowBgpProcessVrfAll'&gt;                                                                              |</msg>
<msg timestamp="20190608 20:09:20.253" level="INFO">|   cmd: &lt;class 'genie.libs.parser.nxos.show_bgp.ShowBgpVrfAllAllNextHopDatabase'&gt;                                                                   |</msg>
<msg timestamp="20190608 20:09:20.253" level="INFO">|   cmd: &lt;class 'genie.libs.parser.nxos.show_routing.ShowRoutingVrfAll'&gt;                                                                             |</msg>
<msg timestamp="20190608 20:09:20.253" level="INFO">|   cmd: &lt;class 'genie.libs.parser.nxos.show_bgp.ShowBgpVrfAllAll'&gt;                                                                                  |</msg>
<msg timestamp="20190608 20:09:20.254" level="INFO">|   cmd: &lt;class 'genie.libs.parser.nxos.show_vrf.ShowVrf'&gt;                                                                                           |</msg>
<msg timestamp="20190608 20:09:20.254" level="INFO">|   cmd: &lt;class 'genie.libs.parser.nxos.show_bgp.ShowBgpVrfAllNeighbors'&gt;, arguments: {'vrf':'default'}                                              |</msg>
<msg timestamp="20190608 20:09:20.254" level="INFO">|   cmd: &lt;class 'genie.libs.parser.nxos.show_bgp.ShowBgpVrfAllAllSummary'&gt;                                                                           |</msg>
<msg timestamp="20190608 20:09:20.254" level="INFO">|   cmd: &lt;class 'genie.libs.parser.nxos.show_bgp.ShowBgpVrfAllNeighborsAdvertisedRoutes'&gt;, arguments: {'neighbor':'10.1.1.1','vrf':'default'}        |</msg>
<msg timestamp="20190608 20:09:20.254" level="INFO">|   cmd: &lt;class 'genie.libs.parser.nxos.show_bgp.ShowBgpVrfAllNeighborsRoutes'&gt;, arguments: {'neighbor':'10.1.1.1','vrf':'default'}                  |</msg>
<msg timestamp="20190608 20:09:20.254" level="INFO">|====================================================================================================================================================|</msg>
<msg timestamp="20190608 20:09:20.254" level="INFO">| - Commands with empty output                                                                                                                       |</msg>
<msg timestamp="20190608 20:09:20.254" level="INFO">|----------------------------------------------------------------------------------------------------------------------------------------------------|</msg>
<msg timestamp="20190608 20:09:20.254" level="INFO">|   cmd: &lt;class 'genie.libs.parser.nxos.show_bgp.ShowBgpPeerSession'&gt;                                                                                |</msg>
<msg timestamp="20190608 20:09:20.254" level="INFO">|   cmd: &lt;class 'genie.libs.parser.nxos.show_bgp.ShowBgpPeerPolicy'&gt;                                                                                 |</msg>
<msg timestamp="20190608 20:09:20.255" level="INFO">|   cmd: &lt;class 'genie.libs.parser.nxos.show_bgp.ShowBgpVrfAllAllDampeningParameters'&gt;                                                               |</msg>
<msg timestamp="20190608 20:09:20.255" level="INFO">|   cmd: &lt;class 'genie.libs.parser.nxos.show_bgp.ShowBgpVrfAllNeighbors'&gt;, arguments: {'vrf':'management'}                                           |</msg>
<msg timestamp="20190608 20:09:20.255" level="INFO">|   cmd: &lt;class 'genie.libs.parser.nxos.show_bgp.ShowBgpVrfAllNeighborsReceivedRoutes'&gt;, arguments: {'neighbor':'10.1.1.1','vrf':'default'}          |</msg>
<msg timestamp="20190608 20:09:20.255" level="INFO">|====================================================================================================================================================|</msg>
<msg timestamp="20190608 20:09:20.256" level="INFO">[2019-06-08 20:09:16,890] +++ nx-osv-1: executing command 'show bgp process vrf all' +++
show bgp process vrf all

BGP Process Information
BGP Process ID                 : 1507
BGP Protocol Started, reason:  : configuration
BGP Protocol Tag               : 65000
BGP Protocol State             : Running
BGP MMODE                      : Not Initialized
BGP Memory State               : OK
BGP asformat                   : asplain

BGP attributes information
Number of attribute entries    : 2
HWM of attribute entries       : 2
Bytes used by entries          : 200
Entries pending delete         : 0
HWM of entries pending delete  : 0
BGP paths per attribute HWM    : 1
BGP AS path entries            : 0
Bytes used by AS path entries  : 0

Information regarding configured VRFs:

BGP Information for VRF default
VRF Id                         : 1
VRF state                      : UP
Router-ID                      : 10.2.2.2
Configured Router-ID           : 10.2.2.2
Confed-ID                      : 0
Cluster-ID                     : 0.0.0.0
No. of configured peers        : 1
No. of pending config peers    : 0
No. of established peers       : 1
VRF RD                         : Not configured

    Information for address family IPv4 Unicast in VRF default
    Table Id                   : 1
    Table state                : UP
    Peers      Active-peers    Routes     Paths      Networks   Aggregates
    1          1               2          2          1          0         

    Redistribution                
        None

    Wait for IGP convergence is not configured


    Nexthop trigger-delay
        critical 3000 ms
        non-critical 10000 ms

    Information for address family IPv6 Unicast in VRF default
    Table Id                   : 80000001
    Table state                : UP
    Peers      Active-peers    Routes     Paths      Networks   Aggregates
    0          0               0          0          0          0         

    Redistribution                
        None

    Wait for IGP convergence is not configured


    Nexthop trigger-delay
        critical 3000 ms
        non-critical 10000 ms
nx-osv-1# 
[2019-06-08 20:09:17,195] +++ nx-osv-1: executing command 'show running-config | inc peer-session' +++
show running-config | inc peer-session
nx-osv-1# 
[2019-06-08 20:09:17,499] +++ nx-osv-1: executing command 'show running-config | inc peer-policy' +++
show running-config | inc peer-policy
nx-osv-1# 
[2019-06-08 20:09:17,812] +++ nx-osv-1: executing command 'show bgp vrf all all dampening parameters' +++
show bgp vrf all all dampening parameters
nx-osv-1# 
[2019-06-08 20:09:17,989] +++ nx-osv-1: executing command 'show bgp vrf all all nexthop-database' +++
show bgp vrf all all nexthop-database

Next Hop table for VRF default, address family IPv4 Unicast:
Next-hop trigger-delay(miliseconds)
  Critical: 3000 Non-critical: 10000
IPv4 Next-hop table

Nexthop: 0.0.0.0, Flags: 0x2, Refcount: 1, IGP cost: 0
IGP Route type: 0, IGP preference: 0
Nexthop is not-attached local unreachable not-labeled
Nexthop last resolved: never, using 0.0.0.0/0
Metric next advertise: Never
RNH epoch: 0

Nexthop: 10.1.1.1, Flags: 0x1, Refcount: 1, IGP cost: 41
IGP Route type: 0, IGP preference: 110
Attached nexthop: 10.0.2.1, Interface: Ethernet2/2
Attached nexthop: 10.0.1.1, Interface: Ethernet2/1
Nexthop is not-attached not-local reachable not-labeled
Nexthop last resolved: 1d05h, using 10.1.1.1/32
Metric next advertise: Never
RNH epoch: 1
IPv6 Next-hop table

Next Hop table for VRF default, address family IPv6 Unicast:
Next-hop trigger-delay(miliseconds)
  Critical: 3000 Non-critical: 10000
IPv4 Next-hop table
IPv6 Next-hop table
nx-osv-1# 
[2019-06-08 20:09:18,185] +++ nx-osv-1: executing command 'show routing vrf all' +++
show routing vrf all
IP Route Table for VRF "default"
'*' denotes best ucast next-hop
'**' denotes best mcast next-hop
'[x/y]' denotes [preference/metric]
'%&lt;string&gt;' in via output denotes VRF &lt;string&gt;

10.0.1.0/24, ubest/mbest: 1/0, attached
    *via 10.0.1.2, Eth2/1, [0/0], 3w2d, direct
10.0.1.2/32, ubest/mbest: 1/0, attached
    *via 10.0.1.2, Eth2/1, [0/0], 3w2d, local
10.0.2.0/24, ubest/mbest: 1/0, attached
    *via 10.0.2.2, Eth2/2, [0/0], 4d22h, direct
10.0.2.2/32, ubest/mbest: 1/0, attached
    *via 10.0.2.2, Eth2/2, [0/0], 4d22h, local
10.1.1.1/32, ubest/mbest: 2/0
    *via 10.0.1.1, Eth2/1, [110/41], 4d22h, ospf-1, intra
    *via 10.0.2.1, Eth2/2, [110/41], 4d22h, ospf-1, intra
10.2.2.2/32, ubest/mbest: 2/0, attached
    *via 10.2.2.2, Lo0, [0/0], 4d22h, local
    *via 10.2.2.2, Lo0, [0/0], 4d22h, direct
10.11.11.11/32, ubest/mbest: 1/0
    *via 10.1.1.1, [200/0], 1d05h, bgp-65000, internal, tag 65000, 
10.22.22.22/32, ubest/mbest: 2/0, attached
    *via 10.22.22.22, Lo1, [0/0], 3w3d, local
    *via 10.22.22.22, Lo1, [0/0], 3w3d, direct
nx-osv-1# 
[2019-06-08 20:09:18,436] +++ nx-osv-1: executing command 'show bgp vrf all all' +++
show bgp vrf all all
BGP routing table information for VRF default, address family IPv4 Unicast
BGP table version is 9, local router ID is 10.2.2.2
Status: s-suppressed, x-deleted, S-stale, d-dampened, h-history, *-valid, &gt;-best
Path type: i-internal, e-external, c-confed, l-local, a-aggregate, r-redist, I-injected
Origin codes: i - IGP, e - EGP, ? - incomplete, | - multipath, &amp; - backup

   Network            Next Hop            Metric     LocPrf     Weight Path
*&gt;i10.11.11.11/32     10.1.1.1                 0        100          0 i
*&gt;l10.22.22.22/32     0.0.0.0                           100      32768 i

nx-osv-1# 
[2019-06-08 20:09:18,631] +++ nx-osv-1: executing command 'show vrf' +++
show vrf
VRF-Name                           VRF-ID State   Reason                        
default                                 1 Up      --                            
management                              2 Up      --                            
nx-osv-1# 
[2019-06-08 20:09:18,828] +++ nx-osv-1: executing command 'show bgp vrf management all neighbors' +++
show bgp vrf management all neighbors
Unknown vrf management
nx-osv-1# 
[2019-06-08 20:09:19,031] +++ nx-osv-1: executing command 'show bgp vrf default all neighbors' +++
show bgp vrf default all neighbors
BGP neighbor is 10.1.1.1,  remote AS 65000, ibgp link, Peer index 1
  BGP version 4, remote router ID 10.1.1.1
  BGP state = Established, up for 1d05h
  Using loopback0 as update source for this peer
  Last read 00:00:36, hold time = 180, keepalive interval is 60 seconds
  Last written 00:00:29, keepalive timer expiry due 00:00:30
  Received 7855 messages, 0 notifications, 0 bytes in queue
  Sent 7141 messages, 1 notifications, 0 bytes in queue
  Connections established 2, dropped 1
  Last reset by us 1d05h, due to administratively shutdown
  Last reset by peer never, due to No error

  Neighbor capabilities:
  Dynamic capability: advertised (mp, refresh, gr) 
  Dynamic capability (old): advertised 
  Route refresh capability (new): advertised received 
  Route refresh capability (old): advertised received 
  4-Byte AS capability: advertised received 
  Address family IPv4 Unicast: advertised received 
  Graceful Restart capability: advertised 

  Graceful Restart Parameters:
  Address families advertised to peer:
    IPv4 Unicast  
  Address families received from peer:
  Forwarding state preserved by peer for:
  Restart time advertised to peer: 120 seconds
  Stale time for routes advertised by peer: 300 seconds
  Extended Next Hop Encoding Capability: advertised 

  Message statistics:
                              Sent               Rcvd
  Opens:                         2                  2  
  Notifications:                 1                  0  
  Updates:                       4                  4  
  Keepalives:                 7134               7849  
  Route Refresh:                 0                  0  
  Capability:                    0                  0  
  Total:                      7141               7855  
  Total bytes:              135673             149251  
  Bytes in queue:                0                  0  

  For address family: IPv4 Unicast
  BGP table version 9, neighbor version 9
  1 accepted paths consume 80 bytes of memory
  1 sent paths
  Third-party Nexthop will not be computed.

  Local host: 10.2.2.2, Local port: 179
  Foreign host: 10.1.1.1, Foreign port: 43858
  fd = 60

nx-osv-1# 
[2019-06-08 20:09:19,291] +++ nx-osv-1: executing command 'show bgp vrf all all summary' +++
show bgp vrf all all summary
BGP summary information for VRF default, address family IPv4 Unicast
BGP router identifier 10.2.2.2, local AS number 65000
BGP table version is 9, IPv4 Unicast config peers 1, capable peers 1
2 network entries and 2 paths using 288 bytes of memory
BGP attribute entries [2/288], BGP AS path entries [0/0]
BGP community entries [0/0], BGP clusterlist entries [0/0]

Neighbor        V    AS MsgRcvd MsgSent   TblVer  InQ OutQ Up/Down  State/PfxRcd
10.1.1.1        4 65000    7855    7141        9    0    0    1d05h 1         

BGP summary information for VRF default, address family IPv6 Unicast
nx-osv-1# 
[2019-06-08 20:09:19,591] +++ nx-osv-1: executing command 'show bgp vrf default all neighbors 10.1.1.1 advertised-routes' +++
show bgp vrf default all neighbors 10.1.1.1 advertised-routes

Peer 10.1.1.1 routes for address family IPv4 Unicast:
BGP table version is 9, local router ID is 10.2.2.2
Status: s-suppressed, x-deleted, S-stale, d-dampened, h-history, *-valid, &gt;-best
Path type: i-internal, e-external, c-confed, l-local, a-aggregate, r-redist, I-injected
Origin codes: i - IGP, e - EGP, ? - incomplete, | - multipath, &amp; - backup

   Network            Next Hop            Metric     LocPrf     Weight Path
*&gt;l10.22.22.22/32     0.0.0.0                           100      32768 i


Peer 10.1.1.1 routes for address family IPv4 Multicast:

Peer 10.1.1.1 routes for address family IPv6 Unicast:
BGP table version is 2, local router ID is 10.2.2.2
Status: s-suppressed, x-deleted, S-stale, d-dampened, h-history, *-valid, &gt;-best
Path type: i-internal, e-external, c-confed, l-local, a-aggregate, r-redist, I-injected
Origin codes: i - IGP, e - EGP, ? - incomplete, | - multipath, &amp; - backup

   Network            Next Hop            Metric     LocPrf     Weight Path

Peer 10.1.1.1 routes for address family IPv6 Multicast:

Peer 10.1.1.1 routes for address family VPNv4 Unicast:

Peer 10.1.1.1 routes for address family VPNv6 Unicast:

Peer 10.1.1.1 routes for address family IPv4 MDT:

Peer 10.1.1.1 routes for address family IPv6 Label Unicast:

Peer 10.1.1.1 routes for address family L2VPN VPLS:

Peer 10.1.1.1 routes for address family IPv4 MVPN:

Peer 10.1.1.1 routes for address family IPv6 MVPN:

Peer 10.1.1.1 routes for address family IPv4 Label Unicast:

Peer 10.1.1.1 routes for address family L2VPN EVPN:
nx-osv-1# 
[2019-06-08 20:09:19,831] +++ nx-osv-1: executing command 'show bgp vrf default all neighbors 10.1.1.1 routes' +++
show bgp vrf default all neighbors 10.1.1.1 routes

Peer 10.1.1.1 routes for address family IPv4 Unicast:
BGP table version is 9, local router ID is 10.2.2.2
Status: s-suppressed, x-deleted, S-stale, d-dampened, h-history, *-valid, &gt;-best
Path type: i-internal, e-external, c-confed, l-local, a-aggregate, r-redist, I-injected
Origin codes: i - IGP, e - EGP, ? - incomplete, | - multipath, &amp; - backup

   Network            Next Hop            Metric     LocPrf     Weight Path
*&gt;i10.11.11.11/32     10.1.1.1                 0        100          0 i


Peer 10.1.1.1 routes for address family IPv4 Multicast:

Peer 10.1.1.1 routes for address family IPv6 Unicast:
BGP table version is 2, local router ID is 10.2.2.2
Status: s-suppressed, x-deleted, S-stale, d-dampened, h-history, *-valid, &gt;-best
Path type: i-internal, e-external, c-confed, l-local, a-aggregate, r-redist, I-injected
Origin codes: i - IGP, e - EGP, ? - incomplete, | - multipath, &amp; - backup

   Network            Next Hop            Metric     LocPrf     Weight Path

Peer 10.1.1.1 routes for address family IPv6 Multicast:

Peer 10.1.1.1 routes for address family VPNv4 Unicast:

Peer 10.1.1.1 routes for address family VPNv6 Unicast:

Peer 10.1.1.1 routes for address family IPv4 MDT:

Peer 10.1.1.1 routes for address family IPv6 Label Unicast:

Peer 10.1.1.1 routes for address family L2VPN VPLS:

Peer 10.1.1.1 routes for address family IPv4 MVPN:

Peer 10.1.1.1 routes for address family IPv6 MVPN:

Peer 10.1.1.1 routes for address family IPv4 Label Unicast:

Peer 10.1.1.1 routes for address family L2VPN EVPN:
nx-osv-1# 
[2019-06-08 20:09:20,067] +++ nx-osv-1: executing command 'show bgp vrf default all neighbors 10.1.1.1 received-routes' +++
show bgp vrf default all neighbors 10.1.1.1 received-routes

Inbound soft reconfiguration for IPv4 Unicast not enabled on 10.1.1.1

Inbound soft reconfiguration for IPv4 Multicast not enabled on 10.1.1.1

Inbound soft reconfiguration for IPv6 Unicast not enabled on 10.1.1.1

Inbound soft reconfiguration for IPv6 Multicast not enabled on 10.1.1.1

Inbound soft reconfiguration for VPNv4 Unicast not enabled on 10.1.1.1

Inbound soft reconfiguration for VPNv6 Unicast not enabled on 10.1.1.1

Inbound soft reconfiguration for IPv4 MDT not enabled on 10.1.1.1

Inbound soft reconfiguration for IPv6 Label Unicast not enabled on 10.1.1.1

Inbound soft reconfiguration for L2VPN VPLS not enabled on 10.1.1.1

Inbound soft reconfiguration for IPv4 MVPN not enabled on 10.1.1.1

Inbound soft reconfiguration for IPv6 MVPN not enabled on 10.1.1.1

Inbound soft reconfiguration for IPv4 Label Unicast not enabled on 10.1.1.1

Inbound soft reconfiguration for L2VPN EVPN not enabled on 10.1.1.1
nx-osv-1#</msg>
<status starttime="20190608 20:09:16.167" endtime="20190608 20:09:20.256" status="PASS"></status>
</kw>
<kw library="genie.libs.robot.GenieRobot" name="verify count &quot;1&quot; &quot;bgp neighbors&quot; on device &quot;csr1000v-1&quot;">
<doc>Verify that a specific number of &lt;...&gt; is &lt;...&gt; on a device.</doc>
<msg timestamp="20190608 20:09:20.644" level="INFO">Could not learn &lt;class 'genie.libs.parser.iosxe.show_bgp.ShowIpBgpTemplatePeerSession'&gt;
Parser Output is empty</msg>
<msg timestamp="20190608 20:09:20.832" level="INFO">Could not learn &lt;class 'genie.libs.parser.iosxe.show_bgp.ShowIpBgpTemplatePeerPolicy'&gt;
Parser Output is empty</msg>
<msg timestamp="20190608 20:09:21.361" level="INFO">Could not learn &lt;class 'genie.libs.parser.iosxe.show_bgp.ShowIpBgpAllDampeningParameters'&gt;
Parser Output is empty</msg>
<msg timestamp="20190608 20:09:21.952" level="INFO">Could not learn &lt;class 'genie.libs.parser.iosxe.show_bgp.ShowBgpAllNeighborsPolicy'&gt;
Parser Output is empty</msg>
<msg timestamp="20190608 20:09:23.523" level="INFO">Could not learn &lt;class 'genie.libs.parser.iosxe.show_bgp.ShowBgpAllNeighborsReceivedRoutes'&gt;
Parser Output is empty</msg>
<msg timestamp="20190608 20:09:23.525" level="INFO">+====================================================================================================================================================+</msg>
<msg timestamp="20190608 20:09:23.525" level="INFO">| Commands for learning feature 'Bgp'                                                                                                                |</msg>
<msg timestamp="20190608 20:09:23.525" level="INFO">+====================================================================================================================================================+</msg>
<msg timestamp="20190608 20:09:23.525" level="INFO">| - Parsed commands                                                                                                                                  |</msg>
<msg timestamp="20190608 20:09:23.525" level="INFO">|----------------------------------------------------------------------------------------------------------------------------------------------------|</msg>
<msg timestamp="20190608 20:09:23.525" level="INFO">|   cmd: &lt;class 'genie.libs.parser.iosxe.show_bgp.ShowBgpAllSummary'&gt;                                                                                |</msg>
<msg timestamp="20190608 20:09:23.525" level="INFO">|   cmd: &lt;class 'genie.libs.parser.iosxe.show_bgp.ShowBgpAllClusterIds'&gt;                                                                             |</msg>
<msg timestamp="20190608 20:09:23.525" level="INFO">|   cmd: &lt;class 'genie.libs.parser.iosxe.show_bgp.ShowBgpAllNeighbors'&gt;                                                                              |</msg>
<msg timestamp="20190608 20:09:23.525" level="INFO">|   cmd: &lt;class 'genie.libs.parser.iosxe.show_bgp.ShowBgpAll'&gt;                                                                                       |</msg>
<msg timestamp="20190608 20:09:23.526" level="INFO">|   cmd: &lt;class 'genie.libs.parser.iosxe.show_bgp.ShowBgpAllDetail'&gt;                                                                                 |</msg>
<msg timestamp="20190608 20:09:23.526" level="INFO">|   cmd: &lt;class 'genie.libs.parser.iosxe.show_bgp.ShowBgpAllNeighborsAdvertisedRoutes'&gt;, arguments: {'neighbor':'10.2.2.2'}                          |</msg>
<msg timestamp="20190608 20:09:23.526" level="INFO">|   cmd: &lt;class 'genie.libs.parser.iosxe.show_bgp.ShowBgpAllNeighborsRoutes'&gt;, arguments: {'neighbor':'10.2.2.2'}                                    |</msg>
<msg timestamp="20190608 20:09:23.526" level="INFO">|====================================================================================================================================================|</msg>
<msg timestamp="20190608 20:09:23.526" level="INFO">| - Commands with empty output                                                                                                                       |</msg>
<msg timestamp="20190608 20:09:23.526" level="INFO">|----------------------------------------------------------------------------------------------------------------------------------------------------|</msg>
<msg timestamp="20190608 20:09:23.526" level="INFO">|   cmd: &lt;class 'genie.libs.parser.iosxe.show_bgp.ShowIpBgpTemplatePeerSession'&gt;                                                                     |</msg>
<msg timestamp="20190608 20:09:23.526" level="INFO">|   cmd: &lt;class 'genie.libs.parser.iosxe.show_bgp.ShowIpBgpTemplatePeerPolicy'&gt;                                                                      |</msg>
<msg timestamp="20190608 20:09:23.526" level="INFO">|   cmd: &lt;class 'genie.libs.parser.iosxe.show_bgp.ShowIpBgpAllDampeningParameters'&gt;                                                                  |</msg>
<msg timestamp="20190608 20:09:23.526" level="INFO">|   cmd: &lt;class 'genie.libs.parser.iosxe.show_bgp.ShowBgpAllNeighborsPolicy'&gt;, arguments: {'neighbor':'10.2.2.2'}                                    |</msg>
<msg timestamp="20190608 20:09:23.527" level="INFO">|   cmd: &lt;class 'genie.libs.parser.iosxe.show_bgp.ShowBgpAllNeighborsReceivedRoutes'&gt;, arguments: {'neighbor':'10.2.2.2'}                            |</msg>
<msg timestamp="20190608 20:09:23.527" level="INFO">|====================================================================================================================================================|</msg>
<msg timestamp="20190608 20:09:23.530" level="INFO">[2019-06-08 20:09:20,263] +++ csr1000v-1: executing command 'show bgp summary' +++
show bgp summary
% Command accepted but obsolete, unreleased or unsupported; see documentation.
BGP router identifier 10.1.1.1, local AS number 65000
BGP table version is 259, main routing table version 259
2 network entries using 496 bytes of memory
2 path entries using 272 bytes of memory
2/2 BGP path/bestpath attribute entries using 560 bytes of memory
0 BGP route-map cache entries using 0 bytes of memory
0 BGP filter-list cache entries using 0 bytes of memory
BGP using 1328 total bytes of memory
BGP activity 41/39 prefixes, 131/129 paths, scan interval 60 secs

Neighbor        V           AS MsgRcvd MsgSent   TblVer  InQ OutQ Up/Down  State/PfxRcd
10.2.2.2        4        65000    1767    1944      259    0    0 1d05h           1
csr1000v-1#
[2019-06-08 20:09:20,463] +++ csr1000v-1: executing command 'show ip bgp template peer-session ' +++
show ip bgp template peer-session 
No templates configured

csr1000v-1#
[2019-06-08 20:09:20,644] +++ csr1000v-1: executing command 'show ip bgp template peer-policy ' +++
show ip bgp template peer-policy 
No templates configured

csr1000v-1#
[2019-06-08 20:09:20,832] +++ csr1000v-1: executing command 'show vrf detail | inc \(VRF' +++
show vrf detail | inc \(VRF
csr1000v-1#
[2019-06-08 20:09:21,006] +++ csr1000v-1: executing command 'show bgp all cluster-ids' +++
show bgp all cluster-ids
Global cluster-id: 10.1.1.1 (configured: 0.0.0.0)
BGP client-to-client reflection:         Configured    Used
  all (inter-cluster and intra-cluster): ENABLED
  intra-cluster:                         ENABLED       ENABLED

List of cluster-ids:
Cluster-id     #-neighbors C2C-rfl-CFG C2C-rfl-USE
csr1000v-1#
[2019-06-08 20:09:21,183] +++ csr1000v-1: executing command 'show ip bgp all dampening parameters' +++
show ip bgp all dampening parameters
For address family: IPv4 Unicast

% dampening not enabled for base

For address family: IPv6 Unicast

% dampening not enabled for base

For address family: IPv4 Multicast

% dampening not enabled for base

For address family: L2VPN E-VPN

% dampening not enabled for base

For address family: MVPNv4 Unicast

% dampening not enabled for base

For address family: MVPNv6 Unicast

% dampening not enabled for base
csr1000v-1#
[2019-06-08 20:09:21,361] +++ csr1000v-1: executing command 'show bgp all neighbors' +++
show bgp all neighbors
For address family: IPv4 Unicast
BGP neighbor is 10.2.2.2,  remote AS 65000, internal link
  BGP version 4, remote router ID 10.2.2.2
  BGP state = Established, up for 1d05h
  Last read 00:00:31, last write 00:00:38, hold time is 180, keepalive interval is 60 seconds
  Neighbor sessions:
    1 active, is not multisession capable (disabled)
  Neighbor capabilities:
    Route refresh: advertised and received(new)
    Four-octets ASN Capability: advertised and received
    Address family IPv4 Unicast: advertised and received
    Graceful Restart Capability: received
      Remote Restart timer is 120 seconds
      Address families advertised by peer:
        IPv4 Unicast (was not preserved
    Enhanced Refresh Capability: advertised
    Multisession Capability: 
    Stateful switchover support enabled: NO for session 1
  Message statistics:
    InQ depth is 0
    OutQ depth is 0
    
                         Sent       Rcvd
    Opens:                  1          1
    Notifications:          0          0
    Updates:                2          2
    Keepalives:          1941       1764
    Route Refresh:          0          0
    Total:               1944       1767
  Do log neighbor state changes (via global configuration)
  Default minimum time between advertisement runs is 0 seconds

  Address tracking is enabled, the RIB does have a route to 10.2.2.2
  Route to peer address reachability Up: 235; Down: 0
    Last notification 4d22h
  Connections established 129; dropped 128
  Last reset 1d05h, due to Peer closed the session
  Interface associated: (none) (peering address NOT in same link)
  Transport(tcp) path-mtu-discovery is enabled
  Graceful-Restart is disabled
  SSO is disabled
Connection state is ESTAB, I/O status: 1, unread input bytes: 0            
Connection is ECN Disabled, Mininum incoming TTL 0, Outgoing TTL 255
Local host: 10.1.1.1, Local port: 43858
Foreign host: 10.2.2.2, Foreign port: 179
Connection tableid (VRF): 0
Maximum output segment queue size: 50

Enqueued packets for retransmit: 0, input: 0  mis-ordered: 0 (0 bytes)

Event Timers (current time is 0x7CA04208):
Timer          Starts    Wakeups            Next
Retrans          1942          0             0x0
TimeWait            0          0             0x0
AckHold          1766       1695             0x0
SendWnd             0          0             0x0
KeepAlive           0          0             0x0
GiveUp              0          0             0x0
PmtuAger            1          1             0x0
DeadWait            0          0             0x0
Linger              0          0             0x0
ProcessQ            0          0             0x0

iss: 3372234215  snduna: 3372271231  sndnxt: 3372271231
irs:  171079668  rcvnxt:  171113327

sndwnd:  16616  scale:      0  maxrcvwnd:  16384
rcvwnd:  16327  scale:      0  delrcvwnd:     57

SRTT: 1000 ms, RTTO: 1003 ms, RTV: 3 ms, KRTT: 0 ms
minRTT: 2 ms, maxRTT: 1000 ms, ACK hold: 200 ms
uptime: 105770017 ms, Sent idletime: 31723 ms, Receive idletime: 31923 ms 
Status Flags: active open
Option Flags: nagle, path mtu capable
IP Precedence value : 6

Datagrams (max data segment is 536 bytes):
Rcvd: 3705 (out of order: 0), with data: 1765, total data bytes: 33658
Sent: 3701 (retransmit: 0, fastretransmit: 0, partialack: 0, Second Congestion: 0), with data: 1943, total data bytes: 37015

 Packets received in fast path: 0, fast processed: 0, slow path: 0
 fast lock acquisition failures: 0, slow path: 0
TCP Semaphore      0x7F092BA76678  FREE 


For address family: IPv6 Unicast

For address family: IPv4 Multicast

For address family: L2VPN E-VPN

For address family: MVPNv4 Unicast

For address family: MVPNv6 Unicast
csr1000v-1#
[2019-06-08 20:09:21,778] +++ csr1000v-1: executing command 'show bgp all neighbors 10.2.2.2 policy' +++
show bgp all neighbors 10.2.2.2 policy
 Neighbor: 10.2.2.2, Address-Family: IPv4 Unicast
csr1000v-1#
[2019-06-08 20:09:21,952] +++ csr1000v-1: executing command 'show bgp all' +++
show bgp all
For address family: IPv4 Unicast

BGP table version is 259, local router ID is 10.1.1.1
Status codes: s suppressed, d damped, h history, * valid, &gt; best, i - internal, 
              r RIB-failure, S Stale, m multipath, b backup-path, f RT-Filter, 
              x best-external, a additional-path, c RIB-compressed, 
              t secondary path, L long-lived-stale,
Origin codes: i - IGP, e - EGP, ? - incomplete
RPKI validation codes: V valid, I invalid, N Not found

     Network          Next Hop            Metric LocPrf Weight Path
 *&gt;   10.11.11.11/32   0.0.0.0                  0         32768 i
 *&gt;i  10.22.22.22/32   10.2.2.2                      100      0 i

For address family: IPv6 Unicast


For address family: IPv4 Multicast


For address family: L2VPN E-VPN


For address family: MVPNv4 Unicast


For address family: MVPNv6 Unicast

csr1000v-1#
[2019-06-08 20:09:22,148] +++ csr1000v-1: executing command 'show bgp all detail' +++
show bgp all detail
For address family: IPv4 Unicast

BGP routing table entry for 10.11.11.11/32, version 2
  Paths: (1 available, best #1, table default)
  Advertised to update-groups:
     129       
  Refresh Epoch 1
  Local
    0.0.0.0 from 0.0.0.0 (10.1.1.1)
      Origin IGP, metric 0, localpref 100, weight 32768, valid, sourced, local, best
      rx pathid: 0, tx pathid: 0x0
BGP routing table entry for 10.22.22.22/32, version 259
  Paths: (1 available, best #1, table default)
  Not advertised to any peer
  Refresh Epoch 1
  Local
    10.2.2.2 (metric 2) from 10.2.2.2 (10.2.2.2)
      Origin IGP, localpref 100, valid, internal, best
      rx pathid: 0, tx pathid: 0x0

For address family: IPv6 Unicast


For address family: IPv4 Multicast


For address family: L2VPN E-VPN


For address family: MVPNv4 Unicast


For address family: MVPNv6 Unicast

csr1000v-1#
[2019-06-08 20:09:22,357] +++ csr1000v-1: executing command 'show bgp all neighbors 10.2.2.2 advertised-routes' +++
show bgp all neighbors 10.2.2.2 advertised-routes
For address family: IPv4 Unicast
BGP table version is 259, local router ID is 10.1.1.1
Status codes: s suppressed, d damped, h history, * valid, &gt; best, i - internal, 
              r RIB-failure, S Stale, m multipath, b backup-path, f RT-Filter, 
              x best-external, a additional-path, c RIB-compressed, 
              t secondary path, L long-lived-stale,
Origin codes: i - IGP, e - EGP, ? - incomplete
RPKI validation codes: V valid, I invalid, N Not found

     Network          Next Hop            Metric LocPrf Weight Path
 *&gt;   10.11.11.11/32   0.0.0.0                  0         32768 i

Total number of prefixes 1 
csr1000v-1#
[2019-06-08 20:09:22,611] +++ csr1000v-1: executing command 'show bgp all neighbors | i BGP neighbor' +++
show bgp all neighbors | i BGP neighbor
BGP neighbor is 10.2.2.2,  remote AS 65000, internal link
csr1000v-1#
[2019-06-08 20:09:22,799] +++ csr1000v-1: executing command 'show bgp all neighbors 10.2.2.2 routes' +++
show bgp all neighbors 10.2.2.2 routes
For address family: IPv4 Unicast
BGP table version is 259, local router ID is 10.1.1.1
Status codes: s suppressed, d damped, h history, * valid, &gt; best, i - internal, 
              r RIB-failure, S Stale, m multipath, b backup-path, f RT-Filter, 
              x best-external, a additional-path, c RIB-compressed, 
              t secondary path, L long-lived-stale,
Origin codes: i - IGP, e - EGP, ? - incomplete
RPKI validation codes: V valid, I invalid, N Not found

     Network          Next Hop            Metric LocPrf Weight Path
 *&gt;i  10.22.22.22/32   10.2.2.2                      100      0 i

Total number of prefixes 1 
csr1000v-1#
[2019-06-08 20:09:22,975] +++ csr1000v-1: executing command 'show bgp all neighbors | i BGP neighbor' +++
show bgp all neighbors | i BGP neighbor
BGP neighbor is 10.2.2.2,  remote AS 65000, internal link
csr1000v-1#
[2019-06-08 20:09:23,164] +++ csr1000v-1: executing command 'show bgp all neighbors 10.2.2.2 received-routes' +++
show bgp all neighbors 10.2.2.2 received-routes
For address family: IPv4 Unicast
% Inbound soft reconfiguration not enabled on 10.2.2.2
csr1000v-1#
[2019-06-08 20:09:23,340] +++ csr1000v-1: executing command 'show bgp all neighbors | i BGP neighbor' +++
show bgp all neighbors | i BGP neighbor
BGP neighbor is 10.2.2.2,  remote AS 65000, internal link
csr1000v-1#</msg>
<msg timestamp="20190608 20:09:23.538" level="FAIL">Expected '1', but found '0'</msg>
<status starttime="20190608 20:09:20.256" endtime="20190608 20:09:23.538" status="FAIL"></status>
</kw>
<status starttime="20190608 20:09:16.165" endtime="20190608 20:09:23.538" status="FAIL" critical="yes">Expected '1', but found '0'</status>
</test>
<test id="s1-t3" name="Verify the counts of Bgp routes for nx-osv-1&amp;csr1000v-1">
<kw library="genie.libs.robot.GenieRobot" name="verify count &quot;2&quot; &quot;bgp routes&quot; on device &quot;nx-osv-1&quot;">
<doc>Verify that a specific number of &lt;...&gt; is &lt;...&gt; on a device.</doc>
<msg timestamp="20190608 20:09:24.150" level="INFO">Could not learn &lt;class 'genie.libs.parser.nxos.show_bgp.ShowBgpPeerSession'&gt;
Parser Output is empty</msg>
<msg timestamp="20190608 20:09:24.447" level="INFO">Could not learn &lt;class 'genie.libs.parser.nxos.show_bgp.ShowBgpPeerPolicy'&gt;
Parser Output is empty</msg>
<msg timestamp="20190608 20:09:24.621" level="INFO">Could not learn &lt;class 'genie.libs.parser.nxos.show_bgp.ShowBgpVrfAllAllDampeningParameters'&gt;
Parser Output is empty</msg>
<msg timestamp="20190608 20:09:25.608" level="INFO">Could not learn &lt;class 'genie.libs.parser.nxos.show_bgp.ShowBgpVrfAllNeighbors'&gt;
Parser Output is empty</msg>
<msg timestamp="20190608 20:09:26.721" level="INFO">Could not learn &lt;class 'genie.libs.parser.nxos.show_bgp.ShowBgpVrfAllNeighborsReceivedRoutes'&gt;
Parser Output is empty</msg>
<msg timestamp="20190608 20:09:26.725" level="INFO">+====================================================================================================================================================+</msg>
<msg timestamp="20190608 20:09:26.725" level="INFO">| Commands for learning feature 'Bgp'                                                                                                                |</msg>
<msg timestamp="20190608 20:09:26.725" level="INFO">+====================================================================================================================================================+</msg>
<msg timestamp="20190608 20:09:26.725" level="INFO">| - Parsed commands                                                                                                                                  |</msg>
<msg timestamp="20190608 20:09:26.725" level="INFO">|----------------------------------------------------------------------------------------------------------------------------------------------------|</msg>
<msg timestamp="20190608 20:09:26.725" level="INFO">|   cmd: &lt;class 'genie.libs.parser.nxos.show_bgp.ShowBgpProcessVrfAll'&gt;                                                                              |</msg>
<msg timestamp="20190608 20:09:26.725" level="INFO">|   cmd: &lt;class 'genie.libs.parser.nxos.show_bgp.ShowBgpVrfAllAllNextHopDatabase'&gt;                                                                   |</msg>
<msg timestamp="20190608 20:09:26.726" level="INFO">|   cmd: &lt;class 'genie.libs.parser.nxos.show_routing.ShowRoutingVrfAll'&gt;                                                                             |</msg>
<msg timestamp="20190608 20:09:26.726" level="INFO">|   cmd: &lt;class 'genie.libs.parser.nxos.show_bgp.ShowBgpVrfAllAll'&gt;                                                                                  |</msg>
<msg timestamp="20190608 20:09:26.726" level="INFO">|   cmd: &lt;class 'genie.libs.parser.nxos.show_vrf.ShowVrf'&gt;                                                                                           |</msg>
<msg timestamp="20190608 20:09:26.726" level="INFO">|   cmd: &lt;class 'genie.libs.parser.nxos.show_bgp.ShowBgpVrfAllNeighbors'&gt;, arguments: {'vrf':'default'}                                              |</msg>
<msg timestamp="20190608 20:09:26.726" level="INFO">|   cmd: &lt;class 'genie.libs.parser.nxos.show_bgp.ShowBgpVrfAllAllSummary'&gt;                                                                           |</msg>
<msg timestamp="20190608 20:09:26.726" level="INFO">|   cmd: &lt;class 'genie.libs.parser.nxos.show_bgp.ShowBgpVrfAllNeighborsAdvertisedRoutes'&gt;, arguments: {'neighbor':'10.1.1.1','vrf':'default'}        |</msg>
<msg timestamp="20190608 20:09:26.726" level="INFO">|   cmd: &lt;class 'genie.libs.parser.nxos.show_bgp.ShowBgpVrfAllNeighborsRoutes'&gt;, arguments: {'neighbor':'10.1.1.1','vrf':'default'}                  |</msg>
<msg timestamp="20190608 20:09:26.726" level="INFO">|====================================================================================================================================================|</msg>
<msg timestamp="20190608 20:09:26.727" level="INFO">| - Commands with empty output                                                                                                                       |</msg>
<msg timestamp="20190608 20:09:26.727" level="INFO">|----------------------------------------------------------------------------------------------------------------------------------------------------|</msg>
<msg timestamp="20190608 20:09:26.727" level="INFO">|   cmd: &lt;class 'genie.libs.parser.nxos.show_bgp.ShowBgpPeerSession'&gt;                                                                                |</msg>
<msg timestamp="20190608 20:09:26.727" level="INFO">|   cmd: &lt;class 'genie.libs.parser.nxos.show_bgp.ShowBgpPeerPolicy'&gt;                                                                                 |</msg>
<msg timestamp="20190608 20:09:26.727" level="INFO">|   cmd: &lt;class 'genie.libs.parser.nxos.show_bgp.ShowBgpVrfAllAllDampeningParameters'&gt;                                                               |</msg>
<msg timestamp="20190608 20:09:26.727" level="INFO">|   cmd: &lt;class 'genie.libs.parser.nxos.show_bgp.ShowBgpVrfAllNeighbors'&gt;, arguments: {'vrf':'management'}                                           |</msg>
<msg timestamp="20190608 20:09:26.727" level="INFO">|   cmd: &lt;class 'genie.libs.parser.nxos.show_bgp.ShowBgpVrfAllNeighborsReceivedRoutes'&gt;, arguments: {'neighbor':'10.1.1.1','vrf':'default'}          |</msg>
<msg timestamp="20190608 20:09:26.727" level="INFO">|====================================================================================================================================================|</msg>
<msg timestamp="20190608 20:09:26.728" level="INFO">[2019-06-08 20:09:23,544] +++ nx-osv-1: executing command 'show bgp process vrf all' +++
 show bgp process vrf all

BGP Process Information
BGP Process ID                 : 1507
BGP Protocol Started, reason:  : configuration
BGP Protocol Tag               : 65000
BGP Protocol State             : Running
BGP MMODE                      : Not Initialized
BGP Memory State               : OK
BGP asformat                   : asplain

BGP attributes information
Number of attribute entries    : 2
HWM of attribute entries       : 2
Bytes used by entries          : 200
Entries pending delete         : 0
HWM of entries pending delete  : 0
BGP paths per attribute HWM    : 1
BGP AS path entries            : 0
Bytes used by AS path entries  : 0

Information regarding configured VRFs:

BGP Information for VRF default
VRF Id                         : 1
VRF state                      : UP
Router-ID                      : 10.2.2.2
Configured Router-ID           : 10.2.2.2
Confed-ID                      : 0
Cluster-ID                     : 0.0.0.0
No. of configured peers        : 1
No. of pending config peers    : 0
No. of established peers       : 1
VRF RD                         : Not configured

    Information for address family IPv4 Unicast in VRF default
    Table Id                   : 1
    Table state                : UP
    Peers      Active-peers    Routes     Paths      Networks   Aggregates
    1          1               2          2          1          0         

    Redistribution                
        None

    Wait for IGP convergence is not configured


    Nexthop trigger-delay
        critical 3000 ms
        non-critical 10000 ms

    Information for address family IPv6 Unicast in VRF default
    Table Id                   : 80000001
    Table state                : UP
    Peers      Active-peers    Routes     Paths      Networks   Aggregates
    0          0               0          0          0          0         

    Redistribution                
        None

    Wait for IGP convergence is not configured


    Nexthop trigger-delay
        critical 3000 ms
        non-critical 10000 ms
nx-osv-1# 
[2019-06-08 20:09:23,847] +++ nx-osv-1: executing command 'show running-config | inc peer-session' +++
show running-config | inc peer-session
nx-osv-1# 
[2019-06-08 20:09:24,150] +++ nx-osv-1: executing command 'show running-config | inc peer-policy' +++
show running-config | inc peer-policy
nx-osv-1# 
[2019-06-08 20:09:24,447] +++ nx-osv-1: executing command 'show bgp vrf all all dampening parameters' +++
show bgp vrf all all dampening parameters
nx-osv-1# 
[2019-06-08 20:09:24,621] +++ nx-osv-1: executing command 'show bgp vrf all all nexthop-database' +++
show bgp vrf all all nexthop-database

Next Hop table for VRF default, address family IPv4 Unicast:
Next-hop trigger-delay(miliseconds)
  Critical: 3000 Non-critical: 10000
IPv4 Next-hop table

Nexthop: 0.0.0.0, Flags: 0x2, Refcount: 1, IGP cost: 0
IGP Route type: 0, IGP preference: 0
Nexthop is not-attached local unreachable not-labeled
Nexthop last resolved: never, using 0.0.0.0/0
Metric next advertise: Never
RNH epoch: 0

Nexthop: 10.1.1.1, Flags: 0x1, Refcount: 1, IGP cost: 41
IGP Route type: 0, IGP preference: 110
Attached nexthop: 10.0.2.1, Interface: Ethernet2/2
Attached nexthop: 10.0.1.1, Interface: Ethernet2/1
Nexthop is not-attached not-local reachable not-labeled
Nexthop last resolved: 1d05h, using 10.1.1.1/32
Metric next advertise: Never
RNH epoch: 1
IPv6 Next-hop table

Next Hop table for VRF default, address family IPv6 Unicast:
Next-hop trigger-delay(miliseconds)
  Critical: 3000 Non-critical: 10000
IPv4 Next-hop table
IPv6 Next-hop table
nx-osv-1# 
[2019-06-08 20:09:24,815] +++ nx-osv-1: executing command 'show routing vrf all' +++
show routing vrf all
IP Route Table for VRF "default"
'*' denotes best ucast next-hop
'**' denotes best mcast next-hop
'[x/y]' denotes [preference/metric]
'%&lt;string&gt;' in via output denotes VRF &lt;string&gt;

10.0.1.0/24, ubest/mbest: 1/0, attached
    *via 10.0.1.2, Eth2/1, [0/0], 3w2d, direct
10.0.1.2/32, ubest/mbest: 1/0, attached
    *via 10.0.1.2, Eth2/1, [0/0], 3w2d, local
10.0.2.0/24, ubest/mbest: 1/0, attached
    *via 10.0.2.2, Eth2/2, [0/0], 4d22h, direct
10.0.2.2/32, ubest/mbest: 1/0, attached
    *via 10.0.2.2, Eth2/2, [0/0], 4d22h, local
10.1.1.1/32, ubest/mbest: 2/0
    *via 10.0.1.1, Eth2/1, [110/41], 4d22h, ospf-1, intra
    *via 10.0.2.1, Eth2/2, [110/41], 4d22h, ospf-1, intra
10.2.2.2/32, ubest/mbest: 2/0, attached
    *via 10.2.2.2, Lo0, [0/0], 4d22h, local
    *via 10.2.2.2, Lo0, [0/0], 4d22h, direct
10.11.11.11/32, ubest/mbest: 1/0
    *via 10.1.1.1, [200/0], 1d05h, bgp-65000, internal, tag 65000, 
10.22.22.22/32, ubest/mbest: 2/0, attached
    *via 10.22.22.22, Lo1, [0/0], 3w3d, local
    *via 10.22.22.22, Lo1, [0/0], 3w3d, direct
nx-osv-1# 
[2019-06-08 20:09:25,056] +++ nx-osv-1: executing command 'show bgp vrf all all' +++
show bgp vrf all all
BGP routing table information for VRF default, address family IPv4 Unicast
BGP table version is 9, local router ID is 10.2.2.2
Status: s-suppressed, x-deleted, S-stale, d-dampened, h-history, *-valid, &gt;-best
Path type: i-internal, e-external, c-confed, l-local, a-aggregate, r-redist, I-injected
Origin codes: i - IGP, e - EGP, ? - incomplete, | - multipath, &amp; - backup

   Network            Next Hop            Metric     LocPrf     Weight Path
*&gt;i10.11.11.11/32     10.1.1.1                 0        100          0 i
*&gt;l10.22.22.22/32     0.0.0.0                           100      32768 i

nx-osv-1# 
[2019-06-08 20:09:25,240] +++ nx-osv-1: executing command 'show vrf' +++
show vrf
VRF-Name                           VRF-ID State   Reason                        
default                                 1 Up      --                            
management                              2 Up      --                            
nx-osv-1# 
[2019-06-08 20:09:25,435] +++ nx-osv-1: executing command 'show bgp vrf management all neighbors' +++
show bgp vrf management all neighbors
Unknown vrf management
nx-osv-1# 
[2019-06-08 20:09:25,609] +++ nx-osv-1: executing command 'show bgp vrf default all neighbors' +++
show bgp vrf default all neighbors
BGP neighbor is 10.1.1.1,  remote AS 65000, ibgp link, Peer index 1
  BGP version 4, remote router ID 10.1.1.1
  BGP state = Established, up for 1d05h
  Using loopback0 as update source for this peer
  Last read 00:00:42, hold time = 180, keepalive interval is 60 seconds
  Last written 00:00:36, keepalive timer expiry due 00:00:23
  Received 7855 messages, 0 notifications, 0 bytes in queue
  Sent 7141 messages, 1 notifications, 0 bytes in queue
  Connections established 2, dropped 1
  Last reset by us 1d05h, due to administratively shutdown
  Last reset by peer never, due to No error

  Neighbor capabilities:
  Dynamic capability: advertised (mp, refresh, gr) 
  Dynamic capability (old): advertised 
  Route refresh capability (new): advertised received 
  Route refresh capability (old): advertised received 
  4-Byte AS capability: advertised received 
  Address family IPv4 Unicast: advertised received 
  Graceful Restart capability: advertised 

  Graceful Restart Parameters:
  Address families advertised to peer:
    IPv4 Unicast  
  Address families received from peer:
  Forwarding state preserved by peer for:
  Restart time advertised to peer: 120 seconds
  Stale time for routes advertised by peer: 300 seconds
  Extended Next Hop Encoding Capability: advertised 

  Message statistics:
                              Sent               Rcvd
  Opens:                         2                  2  
  Notifications:                 1                  0  
  Updates:                       4                  4  
  Keepalives:                 7134               7849  
  Route Refresh:                 0                  0  
  Capability:                    0                  0  
  Total:                      7141               7855  
  Total bytes:              135673             149251  
  Bytes in queue:                0                  0  

  For address family: IPv4 Unicast
  BGP table version 9, neighbor version 9
  1 accepted paths consume 80 bytes of memory
  1 sent paths
  Third-party Nexthop will not be computed.

  Local host: 10.2.2.2, Local port: 179
  Foreign host: 10.1.1.1, Foreign port: 43858
  fd = 60

nx-osv-1# 
[2019-06-08 20:09:25,852] +++ nx-osv-1: executing command 'show bgp vrf all all summary' +++
show bgp vrf all all summary
BGP summary information for VRF default, address family IPv4 Unicast
BGP router identifier 10.2.2.2, local AS number 65000
BGP table version is 9, IPv4 Unicast config peers 1, capable peers 1
2 network entries and 2 paths using 288 bytes of memory
BGP attribute entries [2/288], BGP AS path entries [0/0]
BGP community entries [0/0], BGP clusterlist entries [0/0]

Neighbor        V    AS MsgRcvd MsgSent   TblVer  InQ OutQ Up/Down  State/PfxRcd
10.1.1.1        4 65000    7855    7141        9    0    0    1d05h 1         

BGP summary information for VRF default, address family IPv6 Unicast
nx-osv-1# 
[2019-06-08 20:09:26,070] +++ nx-osv-1: executing command 'show bgp vrf default all neighbors 10.1.1.1 advertised-routes' +++
show bgp vrf default all neighbors 10.1.1.1 advertised-routes

Peer 10.1.1.1 routes for address family IPv4 Unicast:
BGP table version is 9, local router ID is 10.2.2.2
Status: s-suppressed, x-deleted, S-stale, d-dampened, h-history, *-valid, &gt;-best
Path type: i-internal, e-external, c-confed, l-local, a-aggregate, r-redist, I-injected
Origin codes: i - IGP, e - EGP, ? - incomplete, | - multipath, &amp; - backup

   Network            Next Hop            Metric     LocPrf     Weight Path
*&gt;l10.22.22.22/32     0.0.0.0                           100      32768 i


Peer 10.1.1.1 routes for address family IPv4 Multicast:

Peer 10.1.1.1 routes for address family IPv6 Unicast:
BGP table version is 2, local router ID is 10.2.2.2
Status: s-suppressed, x-deleted, S-stale, d-dampened, h-history, *-valid, &gt;-best
Path type: i-internal, e-external, c-confed, l-local, a-aggregate, r-redist, I-injected
Origin codes: i - IGP, e - EGP, ? - incomplete, | - multipath, &amp; - backup

   Network            Next Hop            Metric     LocPrf     Weight Path

Peer 10.1.1.1 routes for address family IPv6 Multicast:

Peer 10.1.1.1 routes for address family VPNv4 Unicast:

Peer 10.1.1.1 routes for address family VPNv6 Unicast:

Peer 10.1.1.1 routes for address family IPv4 MDT:

Peer 10.1.1.1 routes for address family IPv6 Label Unicast:

Peer 10.1.1.1 routes for address family L2VPN VPLS:

Peer 10.1.1.1 routes for address family IPv4 MVPN:

Peer 10.1.1.1 routes for address family IPv6 MVPN:

Peer 10.1.1.1 routes for address family IPv4 Label Unicast:

Peer 10.1.1.1 routes for address family L2VPN EVPN:
nx-osv-1# 
[2019-06-08 20:09:26,307] +++ nx-osv-1: executing command 'show bgp vrf default all neighbors 10.1.1.1 routes' +++
show bgp vrf default all neighbors 10.1.1.1 routes

Peer 10.1.1.1 routes for address family IPv4 Unicast:
BGP table version is 9, local router ID is 10.2.2.2
Status: s-suppressed, x-deleted, S-stale, d-dampened, h-history, *-valid, &gt;-best
Path type: i-internal, e-external, c-confed, l-local, a-aggregate, r-redist, I-injected
Origin codes: i - IGP, e - EGP, ? - incomplete, | - multipath, &amp; - backup

   Network            Next Hop            Metric     LocPrf     Weight Path
*&gt;i10.11.11.11/32     10.1.1.1                 0        100          0 i


Peer 10.1.1.1 routes for address family IPv4 Multicast:

Peer 10.1.1.1 routes for address family IPv6 Unicast:
BGP table version is 2, local router ID is 10.2.2.2
Status: s-suppressed, x-deleted, S-stale, d-dampened, h-history, *-valid, &gt;-best
Path type: i-internal, e-external, c-confed, l-local, a-aggregate, r-redist, I-injected
Origin codes: i - IGP, e - EGP, ? - incomplete, | - multipath, &amp; - backup

   Network            Next Hop            Metric     LocPrf     Weight Path

Peer 10.1.1.1 routes for address family IPv6 Multicast:

Peer 10.1.1.1 routes for address family VPNv4 Unicast:

Peer 10.1.1.1 routes for address family VPNv6 Unicast:

Peer 10.1.1.1 routes for address family IPv4 MDT:

Peer 10.1.1.1 routes for address family IPv6 Label Unicast:

Peer 10.1.1.1 routes for address family L2VPN VPLS:

Peer 10.1.1.1 routes for address family IPv4 MVPN:

Peer 10.1.1.1 routes for address family IPv6 MVPN:

Peer 10.1.1.1 routes for address family IPv4 Label Unicast:

Peer 10.1.1.1 routes for address family L2VPN EVPN:
nx-osv-1# 
[2019-06-08 20:09:26,540] +++ nx-osv-1: executing command 'show bgp vrf default all neighbors 10.1.1.1 received-routes' +++
show bgp vrf default all neighbors 10.1.1.1 received-routes

Inbound soft reconfiguration for IPv4 Unicast not enabled on 10.1.1.1

Inbound soft reconfiguration for IPv4 Multicast not enabled on 10.1.1.1

Inbound soft reconfiguration for IPv6 Unicast not enabled on 10.1.1.1

Inbound soft reconfiguration for IPv6 Multicast not enabled on 10.1.1.1

Inbound soft reconfiguration for VPNv4 Unicast not enabled on 10.1.1.1

Inbound soft reconfiguration for VPNv6 Unicast not enabled on 10.1.1.1

Inbound soft reconfiguration for IPv4 MDT not enabled on 10.1.1.1

Inbound soft reconfiguration for IPv6 Label Unicast not enabled on 10.1.1.1

Inbound soft reconfiguration for L2VPN VPLS not enabled on 10.1.1.1

Inbound soft reconfiguration for IPv4 MVPN not enabled on 10.1.1.1

Inbound soft reconfiguration for IPv6 MVPN not enabled on 10.1.1.1

Inbound soft reconfiguration for IPv4 Label Unicast not enabled on 10.1.1.1

Inbound soft reconfiguration for L2VPN EVPN not enabled on 10.1.1.1
nx-osv-1#</msg>
<status starttime="20190608 20:09:23.539" endtime="20190608 20:09:26.728" status="PASS"></status>
</kw>
<kw library="genie.libs.robot.GenieRobot" name="verify count &quot;2&quot; &quot;bgp routes&quot; on device &quot;csr1000v-1&quot;">
<doc>Verify that a specific number of &lt;...&gt; is &lt;...&gt; on a device.</doc>
<msg timestamp="20190608 20:09:27.099" level="INFO">Could not learn &lt;class 'genie.libs.parser.iosxe.show_bgp.ShowIpBgpTemplatePeerSession'&gt;
Parser Output is empty</msg>
<msg timestamp="20190608 20:09:27.273" level="INFO">Could not learn &lt;class 'genie.libs.parser.iosxe.show_bgp.ShowIpBgpTemplatePeerPolicy'&gt;
Parser Output is empty</msg>
<msg timestamp="20190608 20:09:27.805" level="INFO">Could not learn &lt;class 'genie.libs.parser.iosxe.show_bgp.ShowIpBgpAllDampeningParameters'&gt;
Parser Output is empty</msg>
<msg timestamp="20190608 20:09:28.395" level="INFO">Could not learn &lt;class 'genie.libs.parser.iosxe.show_bgp.ShowBgpAllNeighborsPolicy'&gt;
Parser Output is empty</msg>
<msg timestamp="20190608 20:09:29.936" level="INFO">Could not learn &lt;class 'genie.libs.parser.iosxe.show_bgp.ShowBgpAllNeighborsReceivedRoutes'&gt;
Parser Output is empty</msg>
<msg timestamp="20190608 20:09:29.937" level="INFO">+====================================================================================================================================================+</msg>
<msg timestamp="20190608 20:09:29.938" level="INFO">| Commands for learning feature 'Bgp'                                                                                                                |</msg>
<msg timestamp="20190608 20:09:29.938" level="INFO">+====================================================================================================================================================+</msg>
<msg timestamp="20190608 20:09:29.938" level="INFO">| - Parsed commands                                                                                                                                  |</msg>
<msg timestamp="20190608 20:09:29.938" level="INFO">|----------------------------------------------------------------------------------------------------------------------------------------------------|</msg>
<msg timestamp="20190608 20:09:29.938" level="INFO">|   cmd: &lt;class 'genie.libs.parser.iosxe.show_bgp.ShowBgpAllSummary'&gt;                                                                                |</msg>
<msg timestamp="20190608 20:09:29.938" level="INFO">|   cmd: &lt;class 'genie.libs.parser.iosxe.show_bgp.ShowBgpAllClusterIds'&gt;                                                                             |</msg>
<msg timestamp="20190608 20:09:29.938" level="INFO">|   cmd: &lt;class 'genie.libs.parser.iosxe.show_bgp.ShowBgpAllNeighbors'&gt;                                                                              |</msg>
<msg timestamp="20190608 20:09:29.938" level="INFO">|   cmd: &lt;class 'genie.libs.parser.iosxe.show_bgp.ShowBgpAll'&gt;                                                                                       |</msg>
<msg timestamp="20190608 20:09:29.939" level="INFO">|   cmd: &lt;class 'genie.libs.parser.iosxe.show_bgp.ShowBgpAllDetail'&gt;                                                                                 |</msg>
<msg timestamp="20190608 20:09:29.939" level="INFO">|   cmd: &lt;class 'genie.libs.parser.iosxe.show_bgp.ShowBgpAllNeighborsAdvertisedRoutes'&gt;, arguments: {'neighbor':'10.2.2.2'}                          |</msg>
<msg timestamp="20190608 20:09:29.939" level="INFO">|   cmd: &lt;class 'genie.libs.parser.iosxe.show_bgp.ShowBgpAllNeighborsRoutes'&gt;, arguments: {'neighbor':'10.2.2.2'}                                    |</msg>
<msg timestamp="20190608 20:09:29.939" level="INFO">|====================================================================================================================================================|</msg>
<msg timestamp="20190608 20:09:29.939" level="INFO">| - Commands with empty output                                                                                                                       |</msg>
<msg timestamp="20190608 20:09:29.939" level="INFO">|----------------------------------------------------------------------------------------------------------------------------------------------------|</msg>
<msg timestamp="20190608 20:09:29.939" level="INFO">|   cmd: &lt;class 'genie.libs.parser.iosxe.show_bgp.ShowIpBgpTemplatePeerSession'&gt;                                                                     |</msg>
<msg timestamp="20190608 20:09:29.940" level="INFO">|   cmd: &lt;class 'genie.libs.parser.iosxe.show_bgp.ShowIpBgpTemplatePeerPolicy'&gt;                                                                      |</msg>
<msg timestamp="20190608 20:09:29.940" level="INFO">|   cmd: &lt;class 'genie.libs.parser.iosxe.show_bgp.ShowIpBgpAllDampeningParameters'&gt;                                                                  |</msg>
<msg timestamp="20190608 20:09:29.940" level="INFO">|   cmd: &lt;class 'genie.libs.parser.iosxe.show_bgp.ShowBgpAllNeighborsPolicy'&gt;, arguments: {'neighbor':'10.2.2.2'}                                    |</msg>
<msg timestamp="20190608 20:09:29.940" level="INFO">|   cmd: &lt;class 'genie.libs.parser.iosxe.show_bgp.ShowBgpAllNeighborsReceivedRoutes'&gt;, arguments: {'neighbor':'10.2.2.2'}                            |</msg>
<msg timestamp="20190608 20:09:29.940" level="INFO">|====================================================================================================================================================|</msg>
<msg timestamp="20190608 20:09:29.943" level="INFO">[2019-06-08 20:09:26,736] +++ csr1000v-1: executing command 'show bgp summary' +++
show bgp summary
% Command accepted but obsolete, unreleased or unsupported; see documentation.
BGP router identifier 10.1.1.1, local AS number 65000
BGP table version is 259, main routing table version 259
2 network entries using 496 bytes of memory
2 path entries using 272 bytes of memory
2/2 BGP path/bestpath attribute entries using 560 bytes of memory
0 BGP route-map cache entries using 0 bytes of memory
0 BGP filter-list cache entries using 0 bytes of memory
BGP using 1328 total bytes of memory
BGP activity 41/39 prefixes, 131/129 paths, scan interval 60 secs

Neighbor        V           AS MsgRcvd MsgSent   TblVer  InQ OutQ Up/Down  State/PfxRcd
10.2.2.2        4        65000    1767    1944      259    0    0 1d05h           1
csr1000v-1#
[2019-06-08 20:09:26,921] +++ csr1000v-1: executing command 'show ip bgp template peer-session ' +++
show ip bgp template peer-session 
No templates configured

csr1000v-1#
[2019-06-08 20:09:27,099] +++ csr1000v-1: executing command 'show ip bgp template peer-policy ' +++
show ip bgp template peer-policy 
No templates configured

csr1000v-1#
[2019-06-08 20:09:27,273] +++ csr1000v-1: executing command 'show vrf detail | inc \(VRF' +++
show vrf detail | inc \(VRF
csr1000v-1#
[2019-06-08 20:09:27,451] +++ csr1000v-1: executing command 'show bgp all cluster-ids' +++
show bgp all cluster-ids
Global cluster-id: 10.1.1.1 (configured: 0.0.0.0)
BGP client-to-client reflection:         Configured    Used
  all (inter-cluster and intra-cluster): ENABLED
  intra-cluster:                         ENABLED       ENABLED

List of cluster-ids:
Cluster-id     #-neighbors C2C-rfl-CFG C2C-rfl-USE
csr1000v-1#
[2019-06-08 20:09:27,627] +++ csr1000v-1: executing command 'show ip bgp all dampening parameters' +++
show ip bgp all dampening parameters
For address family: IPv4 Unicast

% dampening not enabled for base

For address family: IPv6 Unicast

% dampening not enabled for base

For address family: IPv4 Multicast

% dampening not enabled for base

For address family: L2VPN E-VPN

% dampening not enabled for base

For address family: MVPNv4 Unicast

% dampening not enabled for base

For address family: MVPNv6 Unicast

% dampening not enabled for base
csr1000v-1#
[2019-06-08 20:09:27,805] +++ csr1000v-1: executing command 'show bgp all neighbors' +++
show bgp all neighbors
For address family: IPv4 Unicast
BGP neighbor is 10.2.2.2,  remote AS 65000, internal link
  BGP version 4, remote router ID 10.2.2.2
  BGP state = Established, up for 1d05h
  Last read 00:00:38, last write 00:00:45, hold time is 180, keepalive interval is 60 seconds
  Neighbor sessions:
    1 active, is not multisession capable (disabled)
  Neighbor capabilities:
    Route refresh: advertised and received(new)
    Four-octets ASN Capability: advertised and received
    Address family IPv4 Unicast: advertised and received
    Graceful Restart Capability: received
      Remote Restart timer is 120 seconds
      Address families advertised by peer:
        IPv4 Unicast (was not preserved
    Enhanced Refresh Capability: advertised
    Multisession Capability: 
    Stateful switchover support enabled: NO for session 1
  Message statistics:
    InQ depth is 0
    OutQ depth is 0
    
                         Sent       Rcvd
    Opens:                  1          1
    Notifications:          0          0
    Updates:                2          2
    Keepalives:          1941       1764
    Route Refresh:          0          0
    Total:               1944       1767
  Do log neighbor state changes (via global configuration)
  Default minimum time between advertisement runs is 0 seconds

  Address tracking is enabled, the RIB does have a route to 10.2.2.2
  Route to peer address reachability Up: 235; Down: 0
    Last notification 4d22h
  Connections established 129; dropped 128
  Last reset 1d05h, due to Peer closed the session
  Interface associated: (none) (peering address NOT in same link)
  Transport(tcp) path-mtu-discovery is enabled
  Graceful-Restart is disabled
  SSO is disabled
Connection state is ESTAB, I/O status: 1, unread input bytes: 0            
Connection is ECN Disabled, Mininum incoming TTL 0, Outgoing TTL 255
Local host: 10.1.1.1, Local port: 43858
Foreign host: 10.2.2.2, Foreign port: 179
Connection tableid (VRF): 0
Maximum output segment queue size: 50

Enqueued packets for retransmit: 0, input: 0  mis-ordered: 0 (0 bytes)

Event Timers (current time is 0x7CA05B31):
Timer          Starts    Wakeups            Next
Retrans          1942          0             0x0
TimeWait            0          0             0x0
AckHold          1766       1695             0x0
SendWnd             0          0             0x0
KeepAlive           0          0             0x0
GiveUp              0          0             0x0
PmtuAger            1          1             0x0
DeadWait            0          0             0x0
Linger              0          0             0x0
ProcessQ            0          0             0x0

iss: 3372234215  snduna: 3372271231  sndnxt: 3372271231
irs:  171079668  rcvnxt:  171113327

sndwnd:  16616  scale:      0  maxrcvwnd:  16384
rcvwnd:  16327  scale:      0  delrcvwnd:     57

SRTT: 1000 ms, RTTO: 1003 ms, RTV: 3 ms, KRTT: 0 ms
minRTT: 2 ms, maxRTT: 1000 ms, ACK hold: 200 ms
uptime: 105776458 ms, Sent idletime: 38164 ms, Receive idletime: 38364 ms 
Status Flags: active open
Option Flags: nagle, path mtu capable
IP Precedence value : 6

Datagrams (max data segment is 536 bytes):
Rcvd: 3705 (out of order: 0), with data: 1765, total data bytes: 33658
Sent: 3701 (retransmit: 0, fastretransmit: 0, partialack: 0, Second Congestion: 0), with data: 1943, total data bytes: 37015

 Packets received in fast path: 0, fast processed: 0, slow path: 0
 fast lock acquisition failures: 0, slow path: 0
TCP Semaphore      0x7F092BA76678  FREE 


For address family: IPv6 Unicast

For address family: IPv4 Multicast

For address family: L2VPN E-VPN

For address family: MVPNv4 Unicast

For address family: MVPNv6 Unicast
csr1000v-1#
[2019-06-08 20:09:28,137] +++ csr1000v-1: executing command 'show bgp all neighbors 10.2.2.2 policy' +++
show bgp all neighbors 10.2.2.2 policy
 Neighbor: 10.2.2.2, Address-Family: IPv4 Unicast
csr1000v-1#
[2019-06-08 20:09:28,395] +++ csr1000v-1: executing command 'show bgp all' +++
show bgp all
For address family: IPv4 Unicast

BGP table version is 259, local router ID is 10.1.1.1
Status codes: s suppressed, d damped, h history, * valid, &gt; best, i - internal, 
              r RIB-failure, S Stale, m multipath, b backup-path, f RT-Filter, 
              x best-external, a additional-path, c RIB-compressed, 
              t secondary path, L long-lived-stale,
Origin codes: i - IGP, e - EGP, ? - incomplete
RPKI validation codes: V valid, I invalid, N Not found

     Network          Next Hop            Metric LocPrf Weight Path
 *&gt;   10.11.11.11/32   0.0.0.0                  0         32768 i
 *&gt;i  10.22.22.22/32   10.2.2.2                      100      0 i

For address family: IPv6 Unicast


For address family: IPv4 Multicast


For address family: L2VPN E-VPN


For address family: MVPNv4 Unicast


For address family: MVPNv6 Unicast

csr1000v-1#
[2019-06-08 20:09:28,578] +++ csr1000v-1: executing command 'show bgp all detail' +++
show bgp all detail
For address family: IPv4 Unicast

BGP routing table entry for 10.11.11.11/32, version 2
  Paths: (1 available, best #1, table default)
  Advertised to update-groups:
     129       
  Refresh Epoch 1
  Local
    0.0.0.0 from 0.0.0.0 (10.1.1.1)
      Origin IGP, metric 0, localpref 100, weight 32768, valid, sourced, local, best
      rx pathid: 0, tx pathid: 0x0
BGP routing table entry for 10.22.22.22/32, version 259
  Paths: (1 available, best #1, table default)
  Not advertised to any peer
  Refresh Epoch 1
  Local
    10.2.2.2 (metric 2) from 10.2.2.2 (10.2.2.2)
      Origin IGP, localpref 100, valid, internal, best
      rx pathid: 0, tx pathid: 0x0

For address family: IPv6 Unicast


For address family: IPv4 Multicast


For address family: L2VPN E-VPN


For address family: MVPNv4 Unicast


For address family: MVPNv6 Unicast

csr1000v-1#
[2019-06-08 20:09:28,783] +++ csr1000v-1: executing command 'show bgp all neighbors 10.2.2.2 advertised-routes' +++
show bgp all neighbors 10.2.2.2 advertised-routes
For address family: IPv4 Unicast
BGP table version is 259, local router ID is 10.1.1.1
Status codes: s suppressed, d damped, h history, * valid, &gt; best, i - internal, 
              r RIB-failure, S Stale, m multipath, b backup-path, f RT-Filter, 
              x best-external, a additional-path, c RIB-compressed, 
              t secondary path, L long-lived-stale,
Origin codes: i - IGP, e - EGP, ? - incomplete
RPKI validation codes: V valid, I invalid, N Not found

     Network          Next Hop            Metric LocPrf Weight Path
 *&gt;   10.11.11.11/32   0.0.0.0                  0         32768 i

Total number of prefixes 1 
csr1000v-1#
[2019-06-08 20:09:28,959] +++ csr1000v-1: executing command 'show bgp all neighbors | i BGP neighbor' +++
show bgp all neighbors | i BGP neighbor
BGP neighbor is 10.2.2.2,  remote AS 65000, internal link
csr1000v-1#
[2019-06-08 20:09:29,144] +++ csr1000v-1: executing command 'show bgp all neighbors 10.2.2.2 routes' +++
show bgp all neighbors 10.2.2.2 routes
For address family: IPv4 Unicast
BGP table version is 259, local router ID is 10.1.1.1
Status codes: s suppressed, d damped, h history, * valid, &gt; best, i - internal, 
              r RIB-failure, S Stale, m multipath, b backup-path, f RT-Filter, 
              x best-external, a additional-path, c RIB-compressed, 
              t secondary path, L long-lived-stale,
Origin codes: i - IGP, e - EGP, ? - incomplete
RPKI validation codes: V valid, I invalid, N Not found

     Network          Next Hop            Metric LocPrf Weight Path
 *&gt;i  10.22.22.22/32   10.2.2.2                      100      0 i

Total number of prefixes 1 
csr1000v-1#
[2019-06-08 20:09:29,325] +++ csr1000v-1: executing command 'show bgp all neighbors | i BGP neighbor' +++
show bgp all neighbors | i BGP neighbor
BGP neighbor is 10.2.2.2,  remote AS 65000, internal link
csr1000v-1#
[2019-06-08 20:09:29,500] +++ csr1000v-1: executing command 'show bgp all neighbors 10.2.2.2 received-routes' +++
show bgp all neighbors 10.2.2.2 received-routes
For address family: IPv4 Unicast
[...]
10.22.22.22/32, ubest/mbest: 2/0, attached
    *via 10.22.22.22, Lo1, [0/0], 3w3d, local
    *via 10.22.22.22, Lo1, [0/0], 3w3d, direct
nx-osv-1#</msg>
<status starttime="20190608 20:09:37.915" endtime="20190608 20:09:59.964" status="PASS"></status>
</kw>
<kw library="genie.libs.robot.GenieRobot" name="verify count &quot;5&quot; &quot;interface up&quot; on device &quot;csr1000v-1&quot;">
<doc>Verify that a specific number of &lt;...&gt; is &lt;...&gt; on a device.</doc>
<msg timestamp="20190608 20:10:00.685" level="INFO">Could not learn &lt;class 'genie.libs.parser.iosxe.show_vrf.ShowVrfDetail'&gt;
Parser Output is empty</msg>
<msg timestamp="20190608 20:10:01.676" level="INFO">Could not learn &lt;class 'genie.libs.parser.iosxe.show_interface.ShowIpv6Interface'&gt;
Parser Output is empty</msg>
<msg timestamp="20190608 20:10:01.677" level="INFO">+====================================================================================================================================================+</msg>
<msg timestamp="20190608 20:10:01.677" level="INFO">| Commands for learning feature 'Interface'                                                                                                          |</msg>
<msg timestamp="20190608 20:10:01.677" level="INFO">+====================================================================================================================================================+</msg>
<msg timestamp="20190608 20:10:01.678" level="INFO">| - Parsed commands                                                                                                                                  |</msg>
<msg timestamp="20190608 20:10:01.678" level="INFO">|----------------------------------------------------------------------------------------------------------------------------------------------------|</msg>
<msg timestamp="20190608 20:10:01.678" level="INFO">|   cmd: &lt;class 'genie.libs.parser.iosxe.show_interface.ShowInterfaces'&gt;                                                                             |</msg>
<msg timestamp="20190608 20:10:01.678" level="INFO">|   cmd: &lt;class 'genie.libs.parser.iosxe.show_interface.ShowInterfacesAccounting'&gt;                                                                   |</msg>
<msg timestamp="20190608 20:10:01.678" level="INFO">|   cmd: &lt;class 'genie.libs.parser.iosxe.show_interface.ShowIpInterface'&gt;                                                                            |</msg>
<msg timestamp="20190608 20:10:01.678" level="INFO">|====================================================================================================================================================|</msg>
<msg timestamp="20190608 20:10:01.678" level="INFO">| - Commands with empty output                                                                                                                       |</msg>
<msg timestamp="20190608 20:10:01.678" level="INFO">|----------------------------------------------------------------------------------------------------------------------------------------------------|</msg>
<msg timestamp="20190608 20:10:01.679" level="INFO">|   cmd: &lt;class 'genie.libs.parser.iosxe.show_vrf.ShowVrfDetail'&gt;                                                                                    |</msg>
<msg timestamp="20190608 20:10:01.679" level="INFO">|   cmd: &lt;class 'genie.libs.parser.iosxe.show_interface.ShowIpv6Interface'&gt;                                                                          |</msg>
<msg timestamp="20190608 20:10:01.679" level="INFO">|====================================================================================================================================================|</msg>
<msg timestamp="20190608 20:10:01.731" level="INFO">[2019-06-08 20:09:59,966] +++ csr1000v-1: executing command 'show interfaces' +++
show interfaces
GigabitEthernet1 is up, line protocol is up 
  Hardware is CSR vNIC, address is 5e00.0000.0000 (bia 5e00.0000.0000)
  Internet address is 10.255.8.157/16
  MTU 1500 bytes, BW 1000000 Kbit/sec, DLY 10 usec, 
     reliability 255/255, txload 1/255, rxload 1/255
  Encapsulation ARPA, loopback not set
  Keepalive set (10 sec)
  Full Duplex, 1000Mbps, link type is auto, media type is Virtual
  output flow-control is unsupported, input flow-control is unsupported
  ARP type: ARPA, ARP Timeout 04:00:00
  Last input 00:00:00, output 02:22:14, output hang never
  Last clearing of "show interface" counters never
  Input queue: 0/375/0/0 (size/max/drops/flushes); Total output drops: 0
  Queueing strategy: fifo
  Output queue: 0/40 (size/max)
  5 minute input rate 1000 bits/sec, 1 packets/sec
  5 minute output rate 0 bits/sec, 0 packets/sec
     2496870 packets input, 148651123 bytes, 0 no buffer
     Received 0 broadcasts (0 IP multicasts)
     0 runts, 0 giants, 0 throttles 
     0 input errors, 0 CRC, 0 frame, 0 overrun, 0 ignored
     0 watchdog, 0 multicast, 0 pause input
     313918 packets output, 30763753 bytes, 0 underruns
     0 output errors, 0 collisions, 1 interface resets
     121093 unknown protocol drops
     0 babbles, 0 late collision, 0 deferred
     0 lost carrier, 0 no carrier, 0 pause output
     0 output buffer failures, 0 output buffers swapped out
GigabitEthernet2 is up, line protocol is up 
  Hardware is CSR vNIC, address is fa16.3ea1.3283 (bia fa16.3ea1.3283)
  Internet address is 10.0.1.1/24
  MTU 1500 bytes, BW 1000000 Kbit/sec, DLY 10 usec, 
     reliability 255/255, txload 1/255, rxload 1/255
  Encapsulation ARPA, loopback not set
  Keepalive set (10 sec)
  Full Duplex, 1000Mbps, link type is auto, media type is Virtual
  output flow-control is unsupported, input flow-control is unsupported
  ARP type: ARPA, ARP Timeout 04:00:00
  Last input 00:00:04, output 00:00:00, output hang never
  Last clearing of "show interface" counters never
  Input queue: 0/375/0/0 (size/max/drops/flushes); Total output drops: 0
  Queueing strategy: fifo
  Output queue: 0/40 (size/max)
  5 minute input rate 0 bits/sec, 0 packets/sec
  5 minute output rate 0 bits/sec, 0 packets/sec
     352404 packets input, 32240434 bytes, 0 no buffer
     Received 0 broadcasts (0 IP multicasts)
     0 runts, 0 giants, 0 throttles 
     0 input errors, 0 CRC, 0 frame, 0 overrun, 0 ignored
     0 watchdog, 0 multicast, 0 pause input
     299511 packets output, 30332161 bytes, 0 underruns
     0 output errors, 0 collisions, 1 interface resets
     34791 unknown protocol drops
     0 babbles, 0 late collision, 0 deferred
     0 lost carrier, 0 no carrier, 0 pause output
     0 output buffer failures, 0 output buffers swapped out
GigabitEthernet3 is up, line protocol is up 
  Hardware is CSR vNIC, address is fa16.3e6a.c5da (bia fa16.3e6a.c5da)
  Internet address is 10.0.2.1/24
  MTU 1500 bytes, BW 1000000 Kbit/sec, DLY 10 usec, 
     reliability 255/255, txload 1/255, rxload 1/255
  Encapsulation ARPA, loopback not set
  Keepalive set (10 sec)
  Full Duplex, 1000Mbps, link type is auto, media type is Virtual
  output flow-control is unsupported, input flow-control is unsupported
  ARP type: ARPA, ARP Timeout 04:00:00
  Last input 00:00:01, output 00:00:05, output hang never
  Last clearing of "show interface" counters never
  Input queue: 0/375/0/0 (size/max/drops/flushes); Total output drops: 0
  Queueing strategy: fifo
  Output queue: 0/40 (size/max)
  5 minute input rate 0 bits/sec, 0 packets/sec
  5 minute output rate 0 bits/sec, 0 packets/sec
     279207 packets input, 27647302 bytes, 0 no buffer
     Received 0 broadcasts (0 IP multicasts)
     0 runts, 0 giants, 0 throttles 
     0 input errors, 0 CRC, 0 frame, 0 overrun, 0 ignored
     0 watchdog, 0 multicast, 0 pause input
     225575 packets output, 25600236 bytes, 0 underruns
     0 output errors, 0 collisions, 1 interface resets
     34976 unknown protocol drops
     0 babbles, 0 late collision, 0 deferred
     0 lost carrier, 0 no carrier, 0 pause output
     0 output buffer failures, 0 output buffers swapped out
Loopback0 is up, line protocol is up 
  Hardware is Loopback
  Internet address is 10.1.1.1/32
  MTU 1514 bytes, BW 8000000 Kbit/sec, DLY 5000 usec, 
     reliability 255/255, txload 1/255, rxload 1/255
  Encapsulation LOOPBACK, loopback not set
  Keepalive set (10 sec)
  Last input never, output never, output hang never
  Last clearing of "show interface" counters never
  Input queue: 0/75/0/0 (size/max/drops/flushes); Total output drops: 0
  Queueing strategy: fifo
  Output queue: 0/0 (size/max)
  5 minute input rate 0 bits/sec, 0 packets/sec
  5 minute output rate 0 bits/sec, 0 packets/sec
     0 packets input, 0 bytes, 0 no buffer
     Received 0 broadcasts (0 IP multicasts)
     0 runts, 0 giants, 0 throttles 
     0 input errors, 0 CRC, 0 frame, 0 overrun, 0 ignored, 0 abort
     0 packets output, 0 bytes, 0 underruns
     0 output errors, 0 collisions, 0 interface resets
     0 unknown protocol drops
     0 output buffer failures, 0 output buffers swapped out
Loopback1 is up, line protocol is up 
  Hardware is Loopback
  Internet address is 10.11.11.11/32
  MTU 1514 bytes, BW 8000000 Kbit/sec, DLY 5000 usec, 
     reliability 255/255, txload 1/255, rxload 1/255
  Encapsulation LOOPBACK, loopback not set
  Keepalive set (10 sec)
  Last input never, output never, output hang never
  Last clearing of "show interface" counters never
  Input queue: 0/75/0/0 (size/max/drops/flushes); Total output drops: 0
  Queueing strategy: fifo
  Output queue: 0/0 (size/max)
  5 minute input rate 0 bits/sec, 0 packets/sec
  5 minute output rate 0 bits/sec, 0 packets/sec
     0 packets input, 0 bytes, 0 no buffer
     Received 0 broadcasts (0 IP multicasts)
     0 runts, 0 giants, 0 throttles 
     0 input errors, 0 CRC, 0 frame, 0 overrun, 0 ignored, 0 abort
     0 packets output, 0 bytes, 0 underruns
     0 output errors, 0 collisions, 0 interface resets
     0 unknown protocol drops
     0 output buffer failures, 0 output buffers swapped out
csr1000v-1#
[2019-06-08 20:10:00,498] +++ csr1000v-1: executing command 'show vrf detail' +++
show vrf detail
csr1000v-1#
[2019-06-08 20:10:00,697] +++ csr1000v-1: executing command 'show interfaces accounting' +++
show interfaces accounting
GigabitEthernet1 
                Protocol    Pkts In   Chars In   Pkts Out  Chars Out
                   Other    2153306  135234631        298      17880
                      IP     611283   50137008     313617   30745579
                     ARP    1911147   80715222        298      17880
                    IPv6       1234     133928          0          0
GigabitEthernet2 
                Protocol    Pkts In   Chars In   Pkts Out  Chars Out
                   Other      71447   15211194       1858     111480
                      IP     315727   24577245     297653   30220681
                     ARP       1865     111900       1858     111480
                    IPv6         20       1560          0          0
GigabitEthernet3 
                Protocol    Pkts In   Chars In   Pkts Out  Chars Out
                   Other      71970   15300648       1901     114060
                      IP     241918   19913428     223673   25486062
                     ARP       2018     121080       1901     114060
                    IPv6        295      23010          0          0
Loopback0 
                Protocol    Pkts In   Chars In   Pkts Out  Chars Out
No traffic sent or received on this interface.
Loopback1 
                Protocol    Pkts In   Chars In   Pkts Out  Chars Out
No traffic sent or received on this interface.
csr1000v-1#
[2019-06-08 20:10:00,925] +++ csr1000v-1: executing command 'show ip interface' +++
show ip interface
GigabitEthernet1 is up, line protocol is up
  Internet address is 10.255.8.157/16
  Broadcast address is 255.255.255.255
  Address determined by DHCP
  MTU is 1500 bytes
  Helper address is not set
  Directed broadcast forwarding is disabled
  Outgoing Common access list is not set 
  Outgoing access list is not set
  Inbound Common access list is not set 
  Inbound  access list is not set
  Proxy ARP is enabled
  Local Proxy ARP is disabled
  Security level is default
  Split horizon is enabled
  ICMP redirects are always sent
  ICMP unreachables are always sent
  ICMP mask replies are never sent
  IP fast switching is enabled
  IP Flow switching is disabled
  IP CEF switching is enabled
  IP CEF switching turbo vector
  IP Null turbo vector
  Associated unicast routing topologies:
        Topology "base", operation state is UP
  IP multicast fast switching is enabled
  IP multicast distributed fast switching is disabled
  IP route-cache flags are Fast, CEF
  Router Discovery is disabled
  IP output packet accounting is disabled
  IP access violation accounting is disabled
  TCP/IP header compression is disabled
  RTP/IP header compression is disabled
  Probe proxy name replies are disabled
  Policy routing is disabled
  Network address translation is disabled
  BGP Policy Mapping is disabled
  Input features: MCI Check
  IPv4 WCCP Redirect outbound is disabled
  IPv4 WCCP Redirect inbound is disabled
  IPv4 WCCP Redirect exclude is disabled
GigabitEthernet2 is up, line protocol is up
  Internet address is 10.0.1.1/24
  Broadcast address is 255.255.255.255
  Address determined by configuration file
  MTU is 1500 bytes
  Helper address is not set
  Directed broadcast forwarding is disabled
  Multicast reserved groups joined: 224.0.0.5 224.0.0.6
  Outgoing Common access list is not set 
  Outgoing access list is not set
  Inbound Common access list is not set 
  Inbound  access list is not set
  Proxy ARP is enabled
  Local Proxy ARP is disabled
  Security level is default
  Split horizon is enabled
  ICMP redirects are always sent
  ICMP unreachables are always sent
  ICMP mask replies are never sent
  IP fast switching is enabled
  IP Flow switching is disabled
  IP CEF switching is enabled
  IP CEF switching turbo vector
  IP Null turbo vector
  Associated unicast routing topologies:
        Topology "base", operation state is UP
  IP multicast fast switching is enabled
  IP multicast distributed fast switching is disabled
  IP route-cache flags are Fast, CEF
  Router Discovery is disabled
  IP output packet accounting is disabled
  IP access violation accounting is disabled
  TCP/IP header compression is disabled
  RTP/IP header compression is disabled
  Probe proxy name replies are disabled
  Policy routing is disabled
  Network address translation is disabled
  BGP Policy Mapping is disabled
  Input features: MCI Check
  IPv4 WCCP Redirect outbound is disabled
  IPv4 WCCP Redirect inbound is disabled
  IPv4 WCCP Redirect exclude is disabled
GigabitEthernet3 is up, line protocol is up
  Internet address is 10.0.2.1/24
  Broadcast address is 255.255.255.255
  Address determined by configuration file
  MTU is 1500 bytes
  Helper address is not set
  Directed broadcast forwarding is disabled
  Multicast reserved groups joined: 224.0.0.5 224.0.0.6
  Outgoing Common access list is not set 
  Outgoing access list is not set
  Inbound Common access list is not set 
  Inbound  access list is not set
  Proxy ARP is enabled
  Local Proxy ARP is disabled
  Security level is default
  Split horizon is enabled
  ICMP redirects are always sent
  ICMP unreachables are always sent
  ICMP mask replies are never sent
  IP fast switching is enabled
  IP Flow switching is disabled
  IP CEF switching is enabled
  IP CEF switching turbo vector
  IP Null turbo vector
  Associated unicast routing topologies:
        Topology "base", operation state is UP
  IP multicast fast switching is enabled
  IP multicast distributed fast switching is disabled
  IP route-cache flags are Fast, CEF
  Router Discovery is disabled
  IP output packet accounting is disabled
  IP access violation accounting is disabled
  TCP/IP header compression is disabled
  RTP/IP header compression is disabled
  Probe proxy name replies are disabled
  Policy routing is disabled
  Network address translation is disabled
  BGP Policy Mapping is disabled
  Input features: MCI Check
  IPv4 WCCP Redirect outbound is disabled
  IPv4 WCCP Redirect inbound is disabled
  IPv4 WCCP Redirect exclude is disabled
Loopback0 is up, line protocol is up
  Internet address is 10.1.1.1/32
  Broadcast address is 255.255.255.255
  Address determined by configuration file
  MTU is 1514 bytes
  Helper address is not set
  Directed broadcast forwarding is disabled
  Multicast reserved groups joined: 224.0.0.5
  Outgoing Common access list is not set 
  Outgoing access list is not set
  Inbound Common access list is not set 
  Inbound  access list is not set
  Proxy ARP is enabled
  Local Proxy ARP is disabled
  Security level is default
  Split horizon is enabled
  ICMP redirects are always sent
  ICMP unreachables are always sent
  ICMP mask replies are never sent
  IP fast switching is enabled
  IP Flow switching is disabled
  IP CEF switching is enabled
  IP CEF switching turbo vector
  IP Null turbo vector
  Associated unicast routing topologies:
        Topology "base", operation state is UP
  IP multicast fast switching is enabled
  IP multicast distributed fast switching is disabled
  IP route-cache flags are Fast, CEF
  Router Discovery is disabled
  IP output packet accounting is disabled
  IP access violation accounting is disabled
  TCP/IP header compression is disabled
  RTP/IP header compression is disabled
  Probe proxy name replies are disabled
  Policy routing is disabled
  Network address translation is disabled
  BGP Policy Mapping is disabled
  Input features: MCI Check
  IPv4 WCCP Redirect outbound is disabled
  IPv4 WCCP Redirect inbound is disabled
  IPv4 WCCP Redirect exclude is disabled
Loopback1 is up, line protocol is up
  Internet address is 10.11.11.11/32
  Broadcast address is 255.255.255.255
  Address determined by configuration file
  MTU is 1514 bytes
  Helper address is not set
  Directed broadcast forwarding is disabled
  Outgoing Common access list is not set 
  Outgoing access list is not set
  Inbound Common access list is not set 
  Inbound  access list is not set
  Proxy ARP is enabled
  Local Proxy ARP is disabled
  Security level is default
  Split horizon is enabled
  ICMP redirects are always sent
  ICMP unreachables are always sent
  ICMP mask replies are never sent
  IP fast switching is enabled
  IP Flow switching is disabled
  IP CEF switching is enabled
  IP CEF switching turbo vector
  IP Null turbo vector
  Associated unicast routing topologies:
        Topology "base", operation state is UP
  IP multicast fast switching is enabled
  IP multicast distributed fast switching is disabled
  IP route-cache flags are Fast, CEF
  Router Discovery is disabled
  IP output packet accounting is disabled
  IP access violation accounting is disabled
  TCP/IP header compression is disabled
  RTP/IP header compression is disabled
  Probe proxy name replies are disabled
  Policy routing is disabled
  Network address translation is disabled
  BGP Policy Mapping is disabled
  Input features: MCI Check
  IPv4 WCCP Redirect outbound is disabled
  IPv4 WCCP Redirect inbound is disabled
  IPv4 WCCP Redirect exclude is disabled
csr1000v-1#
[2019-06-08 20:10:01,489] +++ csr1000v-1: executing command 'show ipv6 interface' +++
show ipv6 interface
csr1000v-1#</msg>
<status starttime="20190608 20:09:59.964" endtime="20190608 20:10:01.731" status="PASS"></status>
</kw>
<status starttime="20190608 20:09:37.914" endtime="20190608 20:10:01.732" status="PASS" critical="yes"></status>
</test>
<status starttime="20190608 20:09:06.066" endtime="20190608 20:10:01.734" status="FAIL"></status>
</suite>
<statistics>
<total>
<stat fail="1" pass="4">Critical Tests</stat>
<stat fail="1" pass="4">All Tests</stat>
</total>
<tag>
</tag>
<suite>
<stat id="s1" fail="1" pass="4" name="Counts">Counts</stat>
</suite>
</statistics>
<errors>
</errors>
</robot>
